============================= test session starts ==============================
platform darwin -- Python 3.14.3, pytest-9.0.3, pluggy-1.6.0
rootdir: /Users/srujansai/Desktop/swa-erp
configfile: pyproject.toml
plugins: Faker-40.15.0, cov-7.1.0, locust-2.43.4, xdist-3.8.0, timeout-2.4.0, asyncio-1.3.0, hypothesis-6.152.2, langsmith-0.8.18, anyio-4.13.0
asyncio: mode=Mode.AUTO, debug=False, asyncio_default_fixture_loop_scope=None, asyncio_default_test_loop_scope=function
created: 14/14 workers
14 workers [644 items]

........FEEEEEEEEEEEEEEEEEEEEEEEEEEEEEEEEEEEEEEEEEEEEEEEEEEEEEEEEEEEEEEE [ 11%]
EEEEEEEEEEEEEEEEEEEEEEEEEEEEEEEEEEEEEEEEEEEEEEEEEEEEEEEEEEEEEEEEEEEEEEEE [ 22%]
EEEEEEEEEEEEEEEEEEEEEEEEEEEEEEEEEEEEEEEEEEEEEEEEEEEEEEEEEEEEEEEEEEEEEEEE [ 33%]
EEEEEEEEEEEEEEEEEEEEEEEEEEEEEEEEEEEEEEEEEEEEEEEEEEEEEEEEEEEEEEEEEEEEEEEE [ 44%]
EEEEEEEEEEEEEE.EEEEEEEEEEEEEEEEEEEEEEEE.EEEEEEEEEEEEEEEEEEEEEEEEEEEEEEEE [ 55%]
.EEEEEEEEEEEEEEEEEEEEE.EEEEEEEEEEEEEEEEEEEEEEEEEEEEEEEEEEEEEEEEEEEEEEEEE [ 67%]
EEEEEEEEEEEEEEEEEEEEEEEEEEEEEEEEEEEEEEEEEEEEEEEEEEEEEEEEEEEEEEEEEEEEEEEE [ 78%]
EEEEEEEEEEEEEEEEEEEEEEEEEEEEEEEEEEEEEEEEEEEEEEEEEEEEEEEEEEEEEEEEEEEEEEEE [ 89%]
EEEEEEEEEEEEEEEEEEEEEEEEEEEEEEEEEEEE.EEEEEEEEEEEEEEEEEEEEEE.......FF     [100%]
==================================== ERRORS ====================================
_______ ERROR at setup of test_column_exists[time_entries-employee_name] _______
[gw1] darwin -- Python 3.14.3 /usr/local/bin/python3
E   psycopg2.errors.UniqueViolation: duplicate key value violates unique constraint "pg_class_relname_nsp_index"
    DETAIL:  Key (relname, relnamespace)=(audit_log_id_seq, 16996834) already exists.

The above exception was the direct cause of the following exception:
E   sqlalchemy.exc.IntegrityError: (psycopg2.errors.UniqueViolation) duplicate key value violates unique constraint "pg_class_relname_nsp_index"
    DETAIL:  Key (relname, relnamespace)=(audit_log_id_seq, 16996834) already exists.
    
    [SQL: 
    CREATE TABLE audit_log (
    	id SERIAL NOT NULL, 
    	user_id UUID, 
    	action VARCHAR(100) NOT NULL, 
    	entity_type VARCHAR(50) NOT NULL, 
    	entity_id UUID, 
    	before_json JSON, 
    	after_json JSON, 
    	ip_address VARCHAR(45), 
    	user_agent VARCHAR(500), 
    	created_at TIMESTAMP WITH TIME ZONE DEFAULT now() NOT NULL, 
    	PRIMARY KEY (id)
    )
    
    ]
    (Background on this error at: https://sqlalche.me/e/20/gkpj)
_ ERROR at setup of TestExportsRoleEnforcement.test_export_summary_viewer_denied _
[gw12] darwin -- Python 3.14.3 /usr/local/bin/python3
E   psycopg2.errors.UniqueViolation: duplicate key value violates unique constraint "pg_class_relname_nsp_index"
    DETAIL:  Key (relname, relnamespace)=(audit_log_id_seq, 16996834) already exists.

The above exception was the direct cause of the following exception:
E   sqlalchemy.exc.IntegrityError: (psycopg2.errors.UniqueViolation) duplicate key value violates unique constraint "pg_class_relname_nsp_index"
    DETAIL:  Key (relname, relnamespace)=(audit_log_id_seq, 16996834) already exists.
    
    [SQL: 
    CREATE TABLE audit_log (
    	id SERIAL NOT NULL, 
    	user_id UUID, 
    	action VARCHAR(100) NOT NULL, 
    	entity_type VARCHAR(50) NOT NULL, 
    	entity_id UUID, 
    	before_json JSON, 
    	after_json JSON, 
    	ip_address VARCHAR(45), 
    	user_agent VARCHAR(500), 
    	created_at TIMESTAMP WITH TIME ZONE DEFAULT now() NOT NULL, 
    	PRIMARY KEY (id)
    )
    
    ]
    (Background on this error at: https://sqlalche.me/e/20/gkpj)
_ ERROR at setup of TestInvoicesRoleEnforcement.test_update_invoice_status_pm_allowed _
[gw12] darwin -- Python 3.14.3 /usr/local/bin/python3
E   psycopg2.errors.UniqueViolation: duplicate key value violates unique constraint "pg_class_relname_nsp_index"
    DETAIL:  Key (relname, relnamespace)=(audit_log_id_seq, 16996834) already exists.

The above exception was the direct cause of the following exception:
E   sqlalchemy.exc.IntegrityError: (psycopg2.errors.UniqueViolation) duplicate key value violates unique constraint "pg_class_relname_nsp_index"
    DETAIL:  Key (relname, relnamespace)=(audit_log_id_seq, 16996834) already exists.
    
    [SQL: 
    CREATE TABLE audit_log (
    	id SERIAL NOT NULL, 
    	user_id UUID, 
    	action VARCHAR(100) NOT NULL, 
    	entity_type VARCHAR(50) NOT NULL, 
    	entity_id UUID, 
    	before_json JSON, 
    	after_json JSON, 
    	ip_address VARCHAR(45), 
    	user_agent VARCHAR(500), 
    	created_at TIMESTAMP WITH TIME ZONE DEFAULT now() NOT NULL, 
    	PRIMARY KEY (id)
    )
    
    ]
    (Background on this error at: https://sqlalche.me/e/20/gkpj)
_____________ ERROR at setup of test_gst_included_in_total_amount ______________
[gw5] darwin -- Python 3.14.3 /usr/local/bin/python3
E   psycopg2.errors.UniqueViolation: duplicate key value violates unique constraint "pg_type_typname_nsp_index"
    DETAIL:  Key (typname, typnamespace)=(audit_log, 16996834) already exists.

The above exception was the direct cause of the following exception:
E   sqlalchemy.exc.IntegrityError: (psycopg2.errors.UniqueViolation) duplicate key value violates unique constraint "pg_type_typname_nsp_index"
    DETAIL:  Key (typname, typnamespace)=(audit_log, 16996834) already exists.
    
    [SQL: 
    CREATE TABLE audit_log (
    	id SERIAL NOT NULL, 
    	user_id UUID, 
    	action VARCHAR(100) NOT NULL, 
    	entity_type VARCHAR(50) NOT NULL, 
    	entity_id UUID, 
    	before_json JSON, 
    	after_json JSON, 
    	ip_address VARCHAR(45), 
    	user_agent VARCHAR(500), 
    	created_at TIMESTAMP WITH TIME ZONE DEFAULT now() NOT NULL, 
    	PRIMARY KEY (id)
    )
    
    ]
    (Background on this error at: https://sqlalche.me/e/20/gkpj)
_ ERROR at setup of TestDocumentReferencesRoleEnforcement.test_create_reforge_designer_allowed _
[gw13] darwin -- Python 3.14.3 /usr/local/bin/python3
E   psycopg2.errors.UniqueViolation: duplicate key value violates unique constraint "pg_class_relname_nsp_index"
    DETAIL:  Key (relname, relnamespace)=(audit_log_id_seq, 16996834) already exists.

The above exception was the direct cause of the following exception:
E   sqlalchemy.exc.IntegrityError: (psycopg2.errors.UniqueViolation) duplicate key value violates unique constraint "pg_class_relname_nsp_index"
    DETAIL:  Key (relname, relnamespace)=(audit_log_id_seq, 16996834) already exists.
    
    [SQL: 
    CREATE TABLE audit_log (
    	id SERIAL NOT NULL, 
    	user_id UUID, 
    	action VARCHAR(100) NOT NULL, 
    	entity_type VARCHAR(50) NOT NULL, 
    	entity_id UUID, 
    	before_json JSON, 
    	after_json JSON, 
    	ip_address VARCHAR(45), 
    	user_agent VARCHAR(500), 
    	created_at TIMESTAMP WITH TIME ZONE DEFAULT now() NOT NULL, 
    	PRIMARY KEY (id)
    )
    
    ]
    (Background on this error at: https://sqlalche.me/e/20/gkpj)
_ ERROR at setup of TestInvoicesRoleEnforcement.test_update_invoice_status_admin_allowed _
[gw12] darwin -- Python 3.14.3 /usr/local/bin/python3
E   psycopg2.errors.UniqueViolation: duplicate key value violates unique constraint "pg_class_relname_nsp_index"
    DETAIL:  Key (relname, relnamespace)=(audit_log_id_seq, 16996834) already exists.

The above exception was the direct cause of the following exception:
E   sqlalchemy.exc.IntegrityError: (psycopg2.errors.UniqueViolation) duplicate key value violates unique constraint "pg_class_relname_nsp_index"
    DETAIL:  Key (relname, relnamespace)=(audit_log_id_seq, 16996834) already exists.
    
    [SQL: 
    CREATE TABLE audit_log (
    	id SERIAL NOT NULL, 
    	user_id UUID, 
    	action VARCHAR(100) NOT NULL, 
    	entity_type VARCHAR(50) NOT NULL, 
    	entity_id UUID, 
    	before_json JSON, 
    	after_json JSON, 
    	ip_address VARCHAR(45), 
    	user_agent VARCHAR(500), 
    	created_at TIMESTAMP WITH TIME ZONE DEFAULT now() NOT NULL, 
    	PRIMARY KEY (id)
    )
    
    ]
    (Background on this error at: https://sqlalche.me/e/20/gkpj)
_________________ ERROR at setup of test_admin_can_list_users __________________
[gw3] darwin -- Python 3.14.3 /usr/local/bin/python3
E   psycopg2.errors.UniqueViolation: duplicate key value violates unique constraint "pg_class_relname_nsp_index"
    DETAIL:  Key (relname, relnamespace)=(audit_log_id_seq, 16996834) already exists.

The above exception was the direct cause of the following exception:
E   sqlalchemy.exc.IntegrityError: (psycopg2.errors.UniqueViolation) duplicate key value violates unique constraint "pg_class_relname_nsp_index"
    DETAIL:  Key (relname, relnamespace)=(audit_log_id_seq, 16996834) already exists.
    
    [SQL: 
    CREATE TABLE audit_log (
    	id SERIAL NOT NULL, 
    	user_id UUID, 
    	action VARCHAR(100) NOT NULL, 
    	entity_type VARCHAR(50) NOT NULL, 
    	entity_id UUID, 
    	before_json JSON, 
    	after_json JSON, 
    	ip_address VARCHAR(45), 
    	user_agent VARCHAR(500), 
    	created_at TIMESTAMP WITH TIME ZONE DEFAULT now() NOT NULL, 
    	PRIMARY KEY (id)
    )
    
    ]
    (Background on this error at: https://sqlalche.me/e/20/gkpj)
_______ ERROR at setup of test_column_exists[time_entries-employee_role] _______
[gw1] darwin -- Python 3.14.3 /usr/local/bin/python3
E   psycopg2.errors.UniqueViolation: duplicate key value violates unique constraint "pg_class_relname_nsp_index"
    DETAIL:  Key (relname, relnamespace)=(audit_log_id_seq, 16996834) already exists.

The above exception was the direct cause of the following exception:
E   sqlalchemy.exc.IntegrityError: (psycopg2.errors.UniqueViolation) duplicate key value violates unique constraint "pg_class_relname_nsp_index"
    DETAIL:  Key (relname, relnamespace)=(audit_log_id_seq, 16996834) already exists.
    
    [SQL: 
    CREATE TABLE audit_log (
    	id SERIAL NOT NULL, 
    	user_id UUID, 
    	action VARCHAR(100) NOT NULL, 
    	entity_type VARCHAR(50) NOT NULL, 
    	entity_id UUID, 
    	before_json JSON, 
    	after_json JSON, 
    	ip_address VARCHAR(45), 
    	user_agent VARCHAR(500), 
    	created_at TIMESTAMP WITH TIME ZONE DEFAULT now() NOT NULL, 
    	PRIMARY KEY (id)
    )
    
    ]
    (Background on this error at: https://sqlalche.me/e/20/gkpj)
_________ ERROR at setup of test_column_exists[time_entries-work_type] _________
[gw1] darwin -- Python 3.14.3 /usr/local/bin/python3
E   psycopg2.errors.UniqueViolation: duplicate key value violates unique constraint "pg_class_relname_nsp_index"
    DETAIL:  Key (relname, relnamespace)=(audit_log_id_seq, 16996834) already exists.

The above exception was the direct cause of the following exception:
E   sqlalchemy.exc.IntegrityError: (psycopg2.errors.UniqueViolation) duplicate key value violates unique constraint "pg_class_relname_nsp_index"
    DETAIL:  Key (relname, relnamespace)=(audit_log_id_seq, 16996834) already exists.
    
    [SQL: 
    CREATE TABLE audit_log (
    	id SERIAL NOT NULL, 
    	user_id UUID, 
    	action VARCHAR(100) NOT NULL, 
    	entity_type VARCHAR(50) NOT NULL, 
    	entity_id UUID, 
    	before_json JSON, 
    	after_json JSON, 
    	ip_address VARCHAR(45), 
    	user_agent VARCHAR(500), 
    	created_at TIMESTAMP WITH TIME ZONE DEFAULT now() NOT NULL, 
    	PRIMARY KEY (id)
    )
    
    ]
    (Background on this error at: https://sqlalche.me/e/20/gkpj)
____ ERROR at setup of test_column_exists[time_entries-sheet_reference_id] _____
[gw1] darwin -- Python 3.14.3 /usr/local/bin/python3
E   psycopg2.errors.UniqueViolation: duplicate key value violates unique constraint "pg_class_relname_nsp_index"
    DETAIL:  Key (relname, relnamespace)=(audit_log_id_seq, 16996834) already exists.

The above exception was the direct cause of the following exception:
E   sqlalchemy.exc.IntegrityError: (psycopg2.errors.UniqueViolation) duplicate key value violates unique constraint "pg_class_relname_nsp_index"
    DETAIL:  Key (relname, relnamespace)=(audit_log_id_seq, 16996834) already exists.
    
    [SQL: 
    CREATE TABLE audit_log (
    	id SERIAL NOT NULL, 
    	user_id UUID, 
    	action VARCHAR(100) NOT NULL, 
    	entity_type VARCHAR(50) NOT NULL, 
    	entity_id UUID, 
    	before_json JSON, 
    	after_json JSON, 
    	ip_address VARCHAR(45), 
    	user_agent VARCHAR(500), 
    	created_at TIMESTAMP WITH TIME ZONE DEFAULT now() NOT NULL, 
    	PRIMARY KEY (id)
    )
    
    ]
    (Background on this error at: https://sqlalche.me/e/20/gkpj)
_______________ ERROR at setup of test_admin_cannot_delete_self ________________
[gw7] darwin -- Python 3.14.3 /usr/local/bin/python3
E   psycopg2.errors.UniqueViolation: duplicate key value violates unique constraint "pg_class_relname_nsp_index"
    DETAIL:  Key (relname, relnamespace)=(audit_log_id_seq, 16996834) already exists.

The above exception was the direct cause of the following exception:
E   sqlalchemy.exc.IntegrityError: (psycopg2.errors.UniqueViolation) duplicate key value violates unique constraint "pg_class_relname_nsp_index"
    DETAIL:  Key (relname, relnamespace)=(audit_log_id_seq, 16996834) already exists.
    
    [SQL: 
    CREATE TABLE audit_log (
    	id SERIAL NOT NULL, 
    	user_id UUID, 
    	action VARCHAR(100) NOT NULL, 
    	entity_type VARCHAR(50) NOT NULL, 
    	entity_id UUID, 
    	before_json JSON, 
    	after_json JSON, 
    	ip_address VARCHAR(45), 
    	user_agent VARCHAR(500), 
    	created_at TIMESTAMP WITH TIME ZONE DEFAULT now() NOT NULL, 
    	PRIMARY KEY (id)
    )
    
    ]
    (Background on this error at: https://sqlalche.me/e/20/gkpj)
__________________ ERROR at setup of test_audit_log_on_create __________________
[gw7] darwin -- Python 3.14.3 /usr/local/bin/python3
E   psycopg2.errors.UniqueViolation: duplicate key value violates unique constraint "pg_class_relname_nsp_index"
    DETAIL:  Key (relname, relnamespace)=(audit_log_id_seq, 16996834) already exists.

The above exception was the direct cause of the following exception:
E   sqlalchemy.exc.IntegrityError: (psycopg2.errors.UniqueViolation) duplicate key value violates unique constraint "pg_class_relname_nsp_index"
    DETAIL:  Key (relname, relnamespace)=(audit_log_id_seq, 16996834) already exists.
    
    [SQL: 
    CREATE TABLE audit_log (
    	id SERIAL NOT NULL, 
    	user_id UUID, 
    	action VARCHAR(100) NOT NULL, 
    	entity_type VARCHAR(50) NOT NULL, 
    	entity_id UUID, 
    	before_json JSON, 
    	after_json JSON, 
    	ip_address VARCHAR(45), 
    	user_agent VARCHAR(500), 
    	created_at TIMESTAMP WITH TIME ZONE DEFAULT now() NOT NULL, 
    	PRIMARY KEY (id)
    )
    
    ]
    (Background on this error at: https://sqlalche.me/e/20/gkpj)
_________________ ERROR at setup of test_pm_cannot_list_users __________________
[gw3] darwin -- Python 3.14.3 /usr/local/bin/python3
E   psycopg2.errors.UniqueViolation: duplicate key value violates unique constraint "pg_class_relname_nsp_index"
    DETAIL:  Key (relname, relnamespace)=(audit_log_id_seq, 16996834) already exists.

The above exception was the direct cause of the following exception:
E   sqlalchemy.exc.IntegrityError: (psycopg2.errors.UniqueViolation) duplicate key value violates unique constraint "pg_class_relname_nsp_index"
    DETAIL:  Key (relname, relnamespace)=(audit_log_id_seq, 16996834) already exists.
    
    [SQL: 
    CREATE TABLE audit_log (
    	id SERIAL NOT NULL, 
    	user_id UUID, 
    	action VARCHAR(100) NOT NULL, 
    	entity_type VARCHAR(50) NOT NULL, 
    	entity_id UUID, 
    	before_json JSON, 
    	after_json JSON, 
    	ip_address VARCHAR(45), 
    	user_agent VARCHAR(500), 
    	created_at TIMESTAMP WITH TIME ZONE DEFAULT now() NOT NULL, 
    	PRIMARY KEY (id)
    )
    
    ]
    (Background on this error at: https://sqlalche.me/e/20/gkpj)
_________________ ERROR at setup of test_admin_can_create_user _________________
[gw3] darwin -- Python 3.14.3 /usr/local/bin/python3
E   psycopg2.errors.UniqueViolation: duplicate key value violates unique constraint "pg_class_relname_nsp_index"
    DETAIL:  Key (relname, relnamespace)=(audit_log_id_seq, 16996834) already exists.

The above exception was the direct cause of the following exception:
E   sqlalchemy.exc.IntegrityError: (psycopg2.errors.UniqueViolation) duplicate key value violates unique constraint "pg_class_relname_nsp_index"
    DETAIL:  Key (relname, relnamespace)=(audit_log_id_seq, 16996834) already exists.
    
    [SQL: 
    CREATE TABLE audit_log (
    	id SERIAL NOT NULL, 
    	user_id UUID, 
    	action VARCHAR(100) NOT NULL, 
    	entity_type VARCHAR(50) NOT NULL, 
    	entity_id UUID, 
    	before_json JSON, 
    	after_json JSON, 
    	ip_address VARCHAR(45), 
    	user_agent VARCHAR(500), 
    	created_at TIMESTAMP WITH TIME ZONE DEFAULT now() NOT NULL, 
    	PRIMARY KEY (id)
    )
    
    ]
    (Background on this error at: https://sqlalche.me/e/20/gkpj)
________________ ERROR at setup of test_gst_zero_when_no_items _________________
[gw5] darwin -- Python 3.14.3 /usr/local/bin/python3
E   psycopg2.errors.UniqueViolation: duplicate key value violates unique constraint "pg_type_typname_nsp_index"
    DETAIL:  Key (typname, typnamespace)=(audit_log, 16996834) already exists.

The above exception was the direct cause of the following exception:
E   sqlalchemy.exc.IntegrityError: (psycopg2.errors.UniqueViolation) duplicate key value violates unique constraint "pg_type_typname_nsp_index"
    DETAIL:  Key (typname, typnamespace)=(audit_log, 16996834) already exists.
    
    [SQL: 
    CREATE TABLE audit_log (
    	id SERIAL NOT NULL, 
    	user_id UUID, 
    	action VARCHAR(100) NOT NULL, 
    	entity_type VARCHAR(50) NOT NULL, 
    	entity_id UUID, 
    	before_json JSON, 
    	after_json JSON, 
    	ip_address VARCHAR(45), 
    	user_agent VARCHAR(500), 
    	created_at TIMESTAMP WITH TIME ZONE DEFAULT now() NOT NULL, 
    	PRIMARY KEY (id)
    )
    
    ]
    (Background on this error at: https://sqlalche.me/e/20/gkpj)
______ ERROR at setup of TestRFQsRoleEnforcement.test_send_rfq_pm_allowed ______
[gw5] darwin -- Python 3.14.3 /usr/local/bin/python3
E   psycopg2.errors.UniqueViolation: duplicate key value violates unique constraint "pg_type_typname_nsp_index"
    DETAIL:  Key (typname, typnamespace)=(audit_log, 16996834) already exists.

The above exception was the direct cause of the following exception:
E   sqlalchemy.exc.IntegrityError: (psycopg2.errors.UniqueViolation) duplicate key value violates unique constraint "pg_type_typname_nsp_index"
    DETAIL:  Key (typname, typnamespace)=(audit_log, 16996834) already exists.
    
    [SQL: 
    CREATE TABLE audit_log (
    	id SERIAL NOT NULL, 
    	user_id UUID, 
    	action VARCHAR(100) NOT NULL, 
    	entity_type VARCHAR(50) NOT NULL, 
    	entity_id UUID, 
    	before_json JSON, 
    	after_json JSON, 
    	ip_address VARCHAR(45), 
    	user_agent VARCHAR(500), 
    	created_at TIMESTAMP WITH TIME ZONE DEFAULT now() NOT NULL, 
    	PRIMARY KEY (id)
    )
    
    ]
    (Background on this error at: https://sqlalche.me/e/20/gkpj)
____ ERROR at setup of TestRFQsRoleEnforcement.test_respond_rfq_pm_allowed _____
[gw5] darwin -- Python 3.14.3 /usr/local/bin/python3
E   psycopg2.errors.UniqueViolation: duplicate key value violates unique constraint "pg_type_typname_nsp_index"
    DETAIL:  Key (typname, typnamespace)=(audit_log, 16996834) already exists.

The above exception was the direct cause of the following exception:
E   sqlalchemy.exc.IntegrityError: (psycopg2.errors.UniqueViolation) duplicate key value violates unique constraint "pg_type_typname_nsp_index"
    DETAIL:  Key (typname, typnamespace)=(audit_log, 16996834) already exists.
    
    [SQL: 
    CREATE TABLE audit_log (
    	id SERIAL NOT NULL, 
    	user_id UUID, 
    	action VARCHAR(100) NOT NULL, 
    	entity_type VARCHAR(50) NOT NULL, 
    	entity_id UUID, 
    	before_json JSON, 
    	after_json JSON, 
    	ip_address VARCHAR(45), 
    	user_agent VARCHAR(500), 
    	created_at TIMESTAMP WITH TIME ZONE DEFAULT now() NOT NULL, 
    	PRIMARY KEY (id)
    )
    
    ]
    (Background on this error at: https://sqlalche.me/e/20/gkpj)
_____________ ERROR at setup of test_direct_status_patch_rejected ______________
[gw9] darwin -- Python 3.14.3 /usr/local/bin/python3
E   psycopg2.errors.UniqueViolation: duplicate key value violates unique constraint "pg_type_typname_nsp_index"
    DETAIL:  Key (typname, typnamespace)=(audit_log, 16996834) already exists.

The above exception was the direct cause of the following exception:
E   sqlalchemy.exc.IntegrityError: (psycopg2.errors.UniqueViolation) duplicate key value violates unique constraint "pg_type_typname_nsp_index"
    DETAIL:  Key (typname, typnamespace)=(audit_log, 16996834) already exists.
    
    [SQL: 
    CREATE TABLE audit_log (
    	id SERIAL NOT NULL, 
    	user_id UUID, 
    	action VARCHAR(100) NOT NULL, 
    	entity_type VARCHAR(50) NOT NULL, 
    	entity_id UUID, 
    	before_json JSON, 
    	after_json JSON, 
    	ip_address VARCHAR(45), 
    	user_agent VARCHAR(500), 
    	created_at TIMESTAMP WITH TIME ZONE DEFAULT now() NOT NULL, 
    	PRIMARY KEY (id)
    )
    
    ]
    (Background on this error at: https://sqlalche.me/e/20/gkpj)
______________ ERROR at setup of test_closed_sets_actual_end_date ______________
[gw9] darwin -- Python 3.14.3 /usr/local/bin/python3
E   psycopg2.errors.UniqueViolation: duplicate key value violates unique constraint "pg_type_typname_nsp_index"
    DETAIL:  Key (typname, typnamespace)=(audit_log, 16996834) already exists.

The above exception was the direct cause of the following exception:
E   sqlalchemy.exc.IntegrityError: (psycopg2.errors.UniqueViolation) duplicate key value violates unique constraint "pg_type_typname_nsp_index"
    DETAIL:  Key (typname, typnamespace)=(audit_log, 16996834) already exists.
    
    [SQL: 
    CREATE TABLE audit_log (
    	id SERIAL NOT NULL, 
    	user_id UUID, 
    	action VARCHAR(100) NOT NULL, 
    	entity_type VARCHAR(50) NOT NULL, 
    	entity_id UUID, 
    	before_json JSON, 
    	after_json JSON, 
    	ip_address VARCHAR(45), 
    	user_agent VARCHAR(500), 
    	created_at TIMESTAMP WITH TIME ZONE DEFAULT now() NOT NULL, 
    	PRIMARY KEY (id)
    )
    
    ]
    (Background on this error at: https://sqlalche.me/e/20/gkpj)
____________________ ERROR at setup of test_create_project _____________________
[gw9] darwin -- Python 3.14.3 /usr/local/bin/python3
E   psycopg2.errors.UniqueViolation: duplicate key value violates unique constraint "pg_type_typname_nsp_index"
    DETAIL:  Key (typname, typnamespace)=(audit_log, 16996834) already exists.

The above exception was the direct cause of the following exception:
E   sqlalchemy.exc.IntegrityError: (psycopg2.errors.UniqueViolation) duplicate key value violates unique constraint "pg_type_typname_nsp_index"
    DETAIL:  Key (typname, typnamespace)=(audit_log, 16996834) already exists.
    
    [SQL: 
    CREATE TABLE audit_log (
    	id SERIAL NOT NULL, 
    	user_id UUID, 
    	action VARCHAR(100) NOT NULL, 
    	entity_type VARCHAR(50) NOT NULL, 
    	entity_id UUID, 
    	before_json JSON, 
    	after_json JSON, 
    	ip_address VARCHAR(45), 
    	user_agent VARCHAR(500), 
    	created_at TIMESTAMP WITH TIME ZONE DEFAULT now() NOT NULL, 
    	PRIMARY KEY (id)
    )
    
    ]
    (Background on this error at: https://sqlalche.me/e/20/gkpj)
________________ ERROR at setup of test_duplicate_project_code _________________
[gw9] darwin -- Python 3.14.3 /usr/local/bin/python3
E   psycopg2.errors.UniqueViolation: duplicate key value violates unique constraint "pg_type_typname_nsp_index"
    DETAIL:  Key (typname, typnamespace)=(audit_log, 16996834) already exists.

The above exception was the direct cause of the following exception:
E   sqlalchemy.exc.IntegrityError: (psycopg2.errors.UniqueViolation) duplicate key value violates unique constraint "pg_type_typname_nsp_index"
    DETAIL:  Key (typname, typnamespace)=(audit_log, 16996834) already exists.
    
    [SQL: 
    CREATE TABLE audit_log (
    	id SERIAL NOT NULL, 
    	user_id UUID, 
    	action VARCHAR(100) NOT NULL, 
    	entity_type VARCHAR(50) NOT NULL, 
    	entity_id UUID, 
    	before_json JSON, 
    	after_json JSON, 
    	ip_address VARCHAR(45), 
    	user_agent VARCHAR(500), 
    	created_at TIMESTAMP WITH TIME ZONE DEFAULT now() NOT NULL, 
    	PRIMARY KEY (id)
    )
    
    ]
    (Background on this error at: https://sqlalche.me/e/20/gkpj)
__________________ ERROR at setup of test_soft_delete_client ___________________
[gw10] darwin -- Python 3.14.3 /usr/local/bin/python3
E   psycopg2.errors.UniqueViolation: duplicate key value violates unique constraint "pg_type_typname_nsp_index"
    DETAIL:  Key (typname, typnamespace)=(audit_log, 16996834) already exists.

The above exception was the direct cause of the following exception:
E   sqlalchemy.exc.IntegrityError: (psycopg2.errors.UniqueViolation) duplicate key value violates unique constraint "pg_type_typname_nsp_index"
    DETAIL:  Key (typname, typnamespace)=(audit_log, 16996834) already exists.
    
    [SQL: 
    CREATE TABLE audit_log (
    	id SERIAL NOT NULL, 
    	user_id UUID, 
    	action VARCHAR(100) NOT NULL, 
    	entity_type VARCHAR(50) NOT NULL, 
    	entity_id UUID, 
    	before_json JSON, 
    	after_json JSON, 
    	ip_address VARCHAR(45), 
    	user_agent VARCHAR(500), 
    	created_at TIMESTAMP WITH TIME ZONE DEFAULT now() NOT NULL, 
    	PRIMARY KEY (id)
    )
    
    ]
    (Background on this error at: https://sqlalche.me/e/20/gkpj)
________________ ERROR at setup of test_list_clients_pagination ________________
[gw10] darwin -- Python 3.14.3 /usr/local/bin/python3
E   psycopg2.errors.UniqueViolation: duplicate key value violates unique constraint "pg_type_typname_nsp_index"
    DETAIL:  Key (typname, typnamespace)=(audit_log, 16996834) already exists.

The above exception was the direct cause of the following exception:
E   sqlalchemy.exc.IntegrityError: (psycopg2.errors.UniqueViolation) duplicate key value violates unique constraint "pg_type_typname_nsp_index"
    DETAIL:  Key (typname, typnamespace)=(audit_log, 16996834) already exists.
    
    [SQL: 
    CREATE TABLE audit_log (
    	id SERIAL NOT NULL, 
    	user_id UUID, 
    	action VARCHAR(100) NOT NULL, 
    	entity_type VARCHAR(50) NOT NULL, 
    	entity_id UUID, 
    	before_json JSON, 
    	after_json JSON, 
    	ip_address VARCHAR(45), 
    	user_agent VARCHAR(500), 
    	created_at TIMESTAMP WITH TIME ZONE DEFAULT now() NOT NULL, 
    	PRIMARY KEY (id)
    )
    
    ]
    (Background on this error at: https://sqlalche.me/e/20/gkpj)
____________________ ERROR at setup of test_search_clients _____________________
[gw10] darwin -- Python 3.14.3 /usr/local/bin/python3
E   psycopg2.errors.UniqueViolation: duplicate key value violates unique constraint "pg_type_typname_nsp_index"
    DETAIL:  Key (typname, typnamespace)=(audit_log, 16996834) already exists.

The above exception was the direct cause of the following exception:
E   sqlalchemy.exc.IntegrityError: (psycopg2.errors.UniqueViolation) duplicate key value violates unique constraint "pg_type_typname_nsp_index"
    DETAIL:  Key (typname, typnamespace)=(audit_log, 16996834) already exists.
    
    [SQL: 
    CREATE TABLE audit_log (
    	id SERIAL NOT NULL, 
    	user_id UUID, 
    	action VARCHAR(100) NOT NULL, 
    	entity_type VARCHAR(50) NOT NULL, 
    	entity_id UUID, 
    	before_json JSON, 
    	after_json JSON, 
    	ip_address VARCHAR(45), 
    	user_agent VARCHAR(500), 
    	created_at TIMESTAMP WITH TIME ZONE DEFAULT now() NOT NULL, 
    	PRIMARY KEY (id)
    )
    
    ]
    (Background on this error at: https://sqlalche.me/e/20/gkpj)
______________________ ERROR at setup of test_add_contact ______________________
[gw10] darwin -- Python 3.14.3 /usr/local/bin/python3
E   psycopg2.errors.UniqueViolation: duplicate key value violates unique constraint "pg_type_typname_nsp_index"
    DETAIL:  Key (typname, typnamespace)=(audit_log, 16996834) already exists.

The above exception was the direct cause of the following exception:
E   sqlalchemy.exc.IntegrityError: (psycopg2.errors.UniqueViolation) duplicate key value violates unique constraint "pg_type_typname_nsp_index"
    DETAIL:  Key (typname, typnamespace)=(audit_log, 16996834) already exists.
    
    [SQL: 
    CREATE TABLE audit_log (
    	id SERIAL NOT NULL, 
    	user_id UUID, 
    	action VARCHAR(100) NOT NULL, 
    	entity_type VARCHAR(50) NOT NULL, 
    	entity_id UUID, 
    	before_json JSON, 
    	after_json JSON, 
    	ip_address VARCHAR(45), 
    	user_agent VARCHAR(500), 
    	created_at TIMESTAMP WITH TIME ZONE DEFAULT now() NOT NULL, 
    	PRIMARY KEY (id)
    )
    
    ]
    (Background on this error at: https://sqlalche.me/e/20/gkpj)
____________________ ERROR at setup of test_update_contact _____________________
[gw10] darwin -- Python 3.14.3 /usr/local/bin/python3
E   psycopg2.errors.UniqueViolation: duplicate key value violates unique constraint "pg_type_typname_nsp_index"
    DETAIL:  Key (typname, typnamespace)=(audit_log, 16996834) already exists.

The above exception was the direct cause of the following exception:
E   sqlalchemy.exc.IntegrityError: (psycopg2.errors.UniqueViolation) duplicate key value violates unique constraint "pg_type_typname_nsp_index"
    DETAIL:  Key (typname, typnamespace)=(audit_log, 16996834) already exists.
    
    [SQL: 
    CREATE TABLE audit_log (
    	id SERIAL NOT NULL, 
    	user_id UUID, 
    	action VARCHAR(100) NOT NULL, 
    	entity_type VARCHAR(50) NOT NULL, 
    	entity_id UUID, 
    	before_json JSON, 
    	after_json JSON, 
    	ip_address VARCHAR(45), 
    	user_agent VARCHAR(500), 
    	created_at TIMESTAMP WITH TIME ZONE DEFAULT now() NOT NULL, 
    	PRIMARY KEY (id)
    )
    
    ]
    (Background on this error at: https://sqlalche.me/e/20/gkpj)
____________________ ERROR at setup of test_delete_contact _____________________
[gw10] darwin -- Python 3.14.3 /usr/local/bin/python3
E   psycopg2.errors.UniqueViolation: duplicate key value violates unique constraint "pg_type_typname_nsp_index"
    DETAIL:  Key (typname, typnamespace)=(audit_log, 16996834) already exists.

The above exception was the direct cause of the following exception:
E   sqlalchemy.exc.IntegrityError: (psycopg2.errors.UniqueViolation) duplicate key value violates unique constraint "pg_type_typname_nsp_index"
    DETAIL:  Key (typname, typnamespace)=(audit_log, 16996834) already exists.
    
    [SQL: 
    CREATE TABLE audit_log (
    	id SERIAL NOT NULL, 
    	user_id UUID, 
    	action VARCHAR(100) NOT NULL, 
    	entity_type VARCHAR(50) NOT NULL, 
    	entity_id UUID, 
    	before_json JSON, 
    	after_json JSON, 
    	ip_address VARCHAR(45), 
    	user_agent VARCHAR(500), 
    	created_at TIMESTAMP WITH TIME ZONE DEFAULT now() NOT NULL, 
    	PRIMARY KEY (id)
    )
    
    ]
    (Background on this error at: https://sqlalche.me/e/20/gkpj)
___________ ERROR at setup of test_gst_default_when_tax_rate_omitted ___________
[gw6] darwin -- Python 3.14.3 /usr/local/bin/python3
E   psycopg2.errors.UniqueViolation: duplicate key value violates unique constraint "pg_type_typname_nsp_index"
    DETAIL:  Key (typname, typnamespace)=(audit_log, 16996834) already exists.

The above exception was the direct cause of the following exception:
E   sqlalchemy.exc.IntegrityError: (psycopg2.errors.UniqueViolation) duplicate key value violates unique constraint "pg_type_typname_nsp_index"
    DETAIL:  Key (typname, typnamespace)=(audit_log, 16996834) already exists.
    
    [SQL: 
    CREATE TABLE audit_log (
    	id SERIAL NOT NULL, 
    	user_id UUID, 
    	action VARCHAR(100) NOT NULL, 
    	entity_type VARCHAR(50) NOT NULL, 
    	entity_id UUID, 
    	before_json JSON, 
    	after_json JSON, 
    	ip_address VARCHAR(45), 
    	user_agent VARCHAR(500), 
    	created_at TIMESTAMP WITH TIME ZONE DEFAULT now() NOT NULL, 
    	PRIMARY KEY (id)
    )
    
    ]
    (Background on this error at: https://sqlalche.me/e/20/gkpj)
_________________ ERROR at setup of test_gst_line_in_list_view _________________
[gw6] darwin -- Python 3.14.3 /usr/local/bin/python3
E   psycopg2.errors.UniqueViolation: duplicate key value violates unique constraint "pg_type_typname_nsp_index"
    DETAIL:  Key (typname, typnamespace)=(audit_log, 16996834) already exists.

The above exception was the direct cause of the following exception:
E   sqlalchemy.exc.IntegrityError: (psycopg2.errors.UniqueViolation) duplicate key value violates unique constraint "pg_type_typname_nsp_index"
    DETAIL:  Key (typname, typnamespace)=(audit_log, 16996834) already exists.
    
    [SQL: 
    CREATE TABLE audit_log (
    	id SERIAL NOT NULL, 
    	user_id UUID, 
    	action VARCHAR(100) NOT NULL, 
    	entity_type VARCHAR(50) NOT NULL, 
    	entity_id UUID, 
    	before_json JSON, 
    	after_json JSON, 
    	ip_address VARCHAR(45), 
    	user_agent VARCHAR(500), 
    	created_at TIMESTAMP WITH TIME ZONE DEFAULT now() NOT NULL, 
    	PRIMARY KEY (id)
    )
    
    ]
    (Background on this error at: https://sqlalche.me/e/20/gkpj)
___________ ERROR at setup of test_secret_key_insecure_in_dev_passes ___________
[gw6] darwin -- Python 3.14.3 /usr/local/bin/python3
E   psycopg2.errors.UniqueViolation: duplicate key value violates unique constraint "pg_type_typname_nsp_index"
    DETAIL:  Key (typname, typnamespace)=(audit_log, 16996834) already exists.

The above exception was the direct cause of the following exception:
E   sqlalchemy.exc.IntegrityError: (psycopg2.errors.UniqueViolation) duplicate key value violates unique constraint "pg_type_typname_nsp_index"
    DETAIL:  Key (typname, typnamespace)=(audit_log, 16996834) already exists.
    
    [SQL: 
    CREATE TABLE audit_log (
    	id SERIAL NOT NULL, 
    	user_id UUID, 
    	action VARCHAR(100) NOT NULL, 
    	entity_type VARCHAR(50) NOT NULL, 
    	entity_id UUID, 
    	before_json JSON, 
    	after_json JSON, 
    	ip_address VARCHAR(45), 
    	user_agent VARCHAR(500), 
    	created_at TIMESTAMP WITH TIME ZONE DEFAULT now() NOT NULL, 
    	PRIMARY KEY (id)
    )
    
    ]
    (Background on this error at: https://sqlalche.me/e/20/gkpj)
___________ ERROR at setup of test_secret_key_insecure_in_prod_fails ___________
[gw6] darwin -- Python 3.14.3 /usr/local/bin/python3
E   psycopg2.errors.UniqueViolation: duplicate key value violates unique constraint "pg_type_typname_nsp_index"
    DETAIL:  Key (typname, typnamespace)=(audit_log, 16996834) already exists.

The above exception was the direct cause of the following exception:
E   sqlalchemy.exc.IntegrityError: (psycopg2.errors.UniqueViolation) duplicate key value violates unique constraint "pg_type_typname_nsp_index"
    DETAIL:  Key (typname, typnamespace)=(audit_log, 16996834) already exists.
    
    [SQL: 
    CREATE TABLE audit_log (
    	id SERIAL NOT NULL, 
    	user_id UUID, 
    	action VARCHAR(100) NOT NULL, 
    	entity_type VARCHAR(50) NOT NULL, 
    	entity_id UUID, 
    	before_json JSON, 
    	after_json JSON, 
    	ip_address VARCHAR(45), 
    	user_agent VARCHAR(500), 
    	created_at TIMESTAMP WITH TIME ZONE DEFAULT now() NOT NULL, 
    	PRIMARY KEY (id)
    )
    
    ]
    (Background on this error at: https://sqlalche.me/e/20/gkpj)
___________ ERROR at setup of test_secret_key_strong_in_prod_passes ____________
[gw6] darwin -- Python 3.14.3 /usr/local/bin/python3
E   psycopg2.errors.UniqueViolation: duplicate key value violates unique constraint "pg_type_typname_nsp_index"
    DETAIL:  Key (typname, typnamespace)=(audit_log, 16996834) already exists.

The above exception was the direct cause of the following exception:
E   sqlalchemy.exc.IntegrityError: (psycopg2.errors.UniqueViolation) duplicate key value violates unique constraint "pg_type_typname_nsp_index"
    DETAIL:  Key (typname, typnamespace)=(audit_log, 16996834) already exists.
    
    [SQL: 
    CREATE TABLE audit_log (
    	id SERIAL NOT NULL, 
    	user_id UUID, 
    	action VARCHAR(100) NOT NULL, 
    	entity_type VARCHAR(50) NOT NULL, 
    	entity_id UUID, 
    	before_json JSON, 
    	after_json JSON, 
    	ip_address VARCHAR(45), 
    	user_agent VARCHAR(500), 
    	created_at TIMESTAMP WITH TIME ZONE DEFAULT now() NOT NULL, 
    	PRIMARY KEY (id)
    )
    
    ]
    (Background on this error at: https://sqlalche.me/e/20/gkpj)
______________ ERROR at setup of test_cors_origins_read_from_env _______________
[gw6] darwin -- Python 3.14.3 /usr/local/bin/python3
E   psycopg2.errors.UniqueViolation: duplicate key value violates unique constraint "pg_type_typname_nsp_index"
    DETAIL:  Key (typname, typnamespace)=(audit_log, 16996834) already exists.

The above exception was the direct cause of the following exception:
E   sqlalchemy.exc.IntegrityError: (psycopg2.errors.UniqueViolation) duplicate key value violates unique constraint "pg_type_typname_nsp_index"
    DETAIL:  Key (typname, typnamespace)=(audit_log, 16996834) already exists.
    
    [SQL: 
    CREATE TABLE audit_log (
    	id SERIAL NOT NULL, 
    	user_id UUID, 
    	action VARCHAR(100) NOT NULL, 
    	entity_type VARCHAR(50) NOT NULL, 
    	entity_id UUID, 
    	before_json JSON, 
    	after_json JSON, 
    	ip_address VARCHAR(45), 
    	user_agent VARCHAR(500), 
    	created_at TIMESTAMP WITH TIME ZONE DEFAULT now() NOT NULL, 
    	PRIMARY KEY (id)
    )
    
    ]
    (Background on this error at: https://sqlalche.me/e/20/gkpj)
_______ ERROR at setup of test_login_rate_limit_triggers_on_6th_attempt ________
[gw6] darwin -- Python 3.14.3 /usr/local/bin/python3
E   psycopg2.errors.UniqueViolation: duplicate key value violates unique constraint "pg_type_typname_nsp_index"
    DETAIL:  Key (typname, typnamespace)=(audit_log, 16996834) already exists.

The above exception was the direct cause of the following exception:
E   sqlalchemy.exc.IntegrityError: (psycopg2.errors.UniqueViolation) duplicate key value violates unique constraint "pg_type_typname_nsp_index"
    DETAIL:  Key (typname, typnamespace)=(audit_log, 16996834) already exists.
    
    [SQL: 
    CREATE TABLE audit_log (
    	id SERIAL NOT NULL, 
    	user_id UUID, 
    	action VARCHAR(100) NOT NULL, 
    	entity_type VARCHAR(50) NOT NULL, 
    	entity_id UUID, 
    	before_json JSON, 
    	after_json JSON, 
    	ip_address VARCHAR(45), 
    	user_agent VARCHAR(500), 
    	created_at TIMESTAMP WITH TIME ZONE DEFAULT now() NOT NULL, 
    	PRIMARY KEY (id)
    )
    
    ]
    (Background on this error at: https://sqlalche.me/e/20/gkpj)
____ ERROR at setup of TestRFQsRoleEnforcement.test_compare_rfq_pm_allowed _____
[gw5] darwin -- Python 3.14.3 /usr/local/bin/python3
E   psycopg2.errors.UniqueViolation: duplicate key value violates unique constraint "pg_type_typname_nsp_index"
    DETAIL:  Key (typname, typnamespace)=(audit_log, 16996834) already exists.

The above exception was the direct cause of the following exception:
E   sqlalchemy.exc.IntegrityError: (psycopg2.errors.UniqueViolation) duplicate key value violates unique constraint "pg_type_typname_nsp_index"
    DETAIL:  Key (typname, typnamespace)=(audit_log, 16996834) already exists.
    
    [SQL: 
    CREATE TABLE audit_log (
    	id SERIAL NOT NULL, 
    	user_id UUID, 
    	action VARCHAR(100) NOT NULL, 
    	entity_type VARCHAR(50) NOT NULL, 
    	entity_id UUID, 
    	before_json JSON, 
    	after_json JSON, 
    	ip_address VARCHAR(45), 
    	user_agent VARCHAR(500), 
    	created_at TIMESTAMP WITH TIME ZONE DEFAULT now() NOT NULL, 
    	PRIMARY KEY (id)
    )
    
    ]
    (Background on this error at: https://sqlalche.me/e/20/gkpj)
_____ ERROR at setup of TestRFQsRoleEnforcement.test_close_rfq_pm_allowed ______
[gw5] darwin -- Python 3.14.3 /usr/local/bin/python3
E   psycopg2.errors.UniqueViolation: duplicate key value violates unique constraint "pg_type_typname_nsp_index"
    DETAIL:  Key (typname, typnamespace)=(audit_log, 16996834) already exists.

The above exception was the direct cause of the following exception:
E   sqlalchemy.exc.IntegrityError: (psycopg2.errors.UniqueViolation) duplicate key value violates unique constraint "pg_type_typname_nsp_index"
    DETAIL:  Key (typname, typnamespace)=(audit_log, 16996834) already exists.
    
    [SQL: 
    CREATE TABLE audit_log (
    	id SERIAL NOT NULL, 
    	user_id UUID, 
    	action VARCHAR(100) NOT NULL, 
    	entity_type VARCHAR(50) NOT NULL, 
    	entity_id UUID, 
    	before_json JSON, 
    	after_json JSON, 
    	ip_address VARCHAR(45), 
    	user_agent VARCHAR(500), 
    	created_at TIMESTAMP WITH TIME ZONE DEFAULT now() NOT NULL, 
    	PRIMARY KEY (id)
    )
    
    ]
    (Background on this error at: https://sqlalche.me/e/20/gkpj)
_____ ERROR at setup of TestRFQsRoleEnforcement.test_cancel_rfq_pm_allowed _____
[gw5] darwin -- Python 3.14.3 /usr/local/bin/python3
E   psycopg2.errors.UniqueViolation: duplicate key value violates unique constraint "pg_type_typname_nsp_index"
    DETAIL:  Key (typname, typnamespace)=(audit_log, 16996834) already exists.

The above exception was the direct cause of the following exception:
E   sqlalchemy.exc.IntegrityError: (psycopg2.errors.UniqueViolation) duplicate key value violates unique constraint "pg_type_typname_nsp_index"
    DETAIL:  Key (typname, typnamespace)=(audit_log, 16996834) already exists.
    
    [SQL: 
    CREATE TABLE audit_log (
    	id SERIAL NOT NULL, 
    	user_id UUID, 
    	action VARCHAR(100) NOT NULL, 
    	entity_type VARCHAR(50) NOT NULL, 
    	entity_id UUID, 
    	before_json JSON, 
    	after_json JSON, 
    	ip_address VARCHAR(45), 
    	user_agent VARCHAR(500), 
    	created_at TIMESTAMP WITH TIME ZONE DEFAULT now() NOT NULL, 
    	PRIMARY KEY (id)
    )
    
    ]
    (Background on this error at: https://sqlalche.me/e/20/gkpj)
____ ERROR at setup of TestRFQsRoleEnforcement.test_send_rfq_viewer_denied _____
[gw5] darwin -- Python 3.14.3 /usr/local/bin/python3
E   psycopg2.errors.UniqueViolation: duplicate key value violates unique constraint "pg_type_typname_nsp_index"
    DETAIL:  Key (typname, typnamespace)=(audit_log, 16996834) already exists.

The above exception was the direct cause of the following exception:
E   sqlalchemy.exc.IntegrityError: (psycopg2.errors.UniqueViolation) duplicate key value violates unique constraint "pg_type_typname_nsp_index"
    DETAIL:  Key (typname, typnamespace)=(audit_log, 16996834) already exists.
    
    [SQL: 
    CREATE TABLE audit_log (
    	id SERIAL NOT NULL, 
    	user_id UUID, 
    	action VARCHAR(100) NOT NULL, 
    	entity_type VARCHAR(50) NOT NULL, 
    	entity_id UUID, 
    	before_json JSON, 
    	after_json JSON, 
    	ip_address VARCHAR(45), 
    	user_agent VARCHAR(500), 
    	created_at TIMESTAMP WITH TIME ZONE DEFAULT now() NOT NULL, 
    	PRIMARY KEY (id)
    )
    
    ]
    (Background on this error at: https://sqlalche.me/e/20/gkpj)
_____ ERROR at setup of TestRFQsRoleEnforcement.test_award_rfq_pm_allowed ______
[gw5] darwin -- Python 3.14.3 /usr/local/bin/python3
E   psycopg2.errors.UniqueViolation: duplicate key value violates unique constraint "pg_type_typname_nsp_index"
    DETAIL:  Key (typname, typnamespace)=(audit_log, 16996834) already exists.

The above exception was the direct cause of the following exception:
E   sqlalchemy.exc.IntegrityError: (psycopg2.errors.UniqueViolation) duplicate key value violates unique constraint "pg_type_typname_nsp_index"
    DETAIL:  Key (typname, typnamespace)=(audit_log, 16996834) already exists.
    
    [SQL: 
    CREATE TABLE audit_log (
    	id SERIAL NOT NULL, 
    	user_id UUID, 
    	action VARCHAR(100) NOT NULL, 
    	entity_type VARCHAR(50) NOT NULL, 
    	entity_id UUID, 
    	before_json JSON, 
    	after_json JSON, 
    	ip_address VARCHAR(45), 
    	user_agent VARCHAR(500), 
    	created_at TIMESTAMP WITH TIME ZONE DEFAULT now() NOT NULL, 
    	PRIMARY KEY (id)
    )
    
    ]
    (Background on this error at: https://sqlalche.me/e/20/gkpj)
_________ ERROR at setup of test_column_exists[time_entries-revision] __________
[gw1] darwin -- Python 3.14.3 /usr/local/bin/python3
E   psycopg2.errors.UniqueViolation: duplicate key value violates unique constraint "pg_class_relname_nsp_index"
    DETAIL:  Key (relname, relnamespace)=(audit_log_id_seq, 16996834) already exists.

The above exception was the direct cause of the following exception:
E   sqlalchemy.exc.IntegrityError: (psycopg2.errors.UniqueViolation) duplicate key value violates unique constraint "pg_class_relname_nsp_index"
    DETAIL:  Key (relname, relnamespace)=(audit_log_id_seq, 16996834) already exists.
    
    [SQL: 
    CREATE TABLE audit_log (
    	id SERIAL NOT NULL, 
    	user_id UUID, 
    	action VARCHAR(100) NOT NULL, 
    	entity_type VARCHAR(50) NOT NULL, 
    	entity_id UUID, 
    	before_json JSON, 
    	after_json JSON, 
    	ip_address VARCHAR(45), 
    	user_agent VARCHAR(500), 
    	created_at TIMESTAMP WITH TIME ZONE DEFAULT now() NOT NULL, 
    	PRIMARY KEY (id)
    )
    
    ]
    (Background on this error at: https://sqlalche.me/e/20/gkpj)
_______ ERROR at setup of test_column_exists[time_entries-activity_type] _______
[gw1] darwin -- Python 3.14.3 /usr/local/bin/python3
E   psycopg2.errors.UniqueViolation: duplicate key value violates unique constraint "pg_class_relname_nsp_index"
    DETAIL:  Key (relname, relnamespace)=(audit_log_id_seq, 16996834) already exists.

The above exception was the direct cause of the following exception:
E   sqlalchemy.exc.IntegrityError: (psycopg2.errors.UniqueViolation) duplicate key value violates unique constraint "pg_class_relname_nsp_index"
    DETAIL:  Key (relname, relnamespace)=(audit_log_id_seq, 16996834) already exists.
    
    [SQL: 
    CREATE TABLE audit_log (
    	id SERIAL NOT NULL, 
    	user_id UUID, 
    	action VARCHAR(100) NOT NULL, 
    	entity_type VARCHAR(50) NOT NULL, 
    	entity_id UUID, 
    	before_json JSON, 
    	after_json JSON, 
    	ip_address VARCHAR(45), 
    	user_agent VARCHAR(500), 
    	created_at TIMESTAMP WITH TIME ZONE DEFAULT now() NOT NULL, 
    	PRIMARY KEY (id)
    )
    
    ]
    (Background on this error at: https://sqlalche.me/e/20/gkpj)
_______ ERROR at setup of test_column_exists[time_entries-software_used] _______
[gw1] darwin -- Python 3.14.3 /usr/local/bin/python3
E   psycopg2.errors.UniqueViolation: duplicate key value violates unique constraint "pg_class_relname_nsp_index"
    DETAIL:  Key (relname, relnamespace)=(audit_log_id_seq, 16996834) already exists.

The above exception was the direct cause of the following exception:
E   sqlalchemy.exc.IntegrityError: (psycopg2.errors.UniqueViolation) duplicate key value violates unique constraint "pg_class_relname_nsp_index"
    DETAIL:  Key (relname, relnamespace)=(audit_log_id_seq, 16996834) already exists.
    
    [SQL: 
    CREATE TABLE audit_log (
    	id SERIAL NOT NULL, 
    	user_id UUID, 
    	action VARCHAR(100) NOT NULL, 
    	entity_type VARCHAR(50) NOT NULL, 
    	entity_id UUID, 
    	before_json JSON, 
    	after_json JSON, 
    	ip_address VARCHAR(45), 
    	user_agent VARCHAR(500), 
    	created_at TIMESTAMP WITH TIME ZONE DEFAULT now() NOT NULL, 
    	PRIMARY KEY (id)
    )
    
    ]
    (Background on this error at: https://sqlalche.me/e/20/gkpj)
_________ ERROR at setup of test_column_exists[time_entries-work_mode] _________
[gw1] darwin -- Python 3.14.3 /usr/local/bin/python3
E   psycopg2.errors.UniqueViolation: duplicate key value violates unique constraint "pg_class_relname_nsp_index"
    DETAIL:  Key (relname, relnamespace)=(audit_log_id_seq, 16996834) already exists.

The above exception was the direct cause of the following exception:
E   sqlalchemy.exc.IntegrityError: (psycopg2.errors.UniqueViolation) duplicate key value violates unique constraint "pg_class_relname_nsp_index"
    DETAIL:  Key (relname, relnamespace)=(audit_log_id_seq, 16996834) already exists.
    
    [SQL: 
    CREATE TABLE audit_log (
    	id SERIAL NOT NULL, 
    	user_id UUID, 
    	action VARCHAR(100) NOT NULL, 
    	entity_type VARCHAR(50) NOT NULL, 
    	entity_id UUID, 
    	before_json JSON, 
    	after_json JSON, 
    	ip_address VARCHAR(45), 
    	user_agent VARCHAR(500), 
    	created_at TIMESTAMP WITH TIME ZONE DEFAULT now() NOT NULL, 
    	PRIMARY KEY (id)
    )
    
    ]
    (Background on this error at: https://sqlalche.me/e/20/gkpj)
________ ERROR at setup of test_column_exists[tokens-swa_employee_name] ________
[gw1] darwin -- Python 3.14.3 /usr/local/bin/python3
E   psycopg2.errors.UniqueViolation: duplicate key value violates unique constraint "pg_class_relname_nsp_index"
    DETAIL:  Key (relname, relnamespace)=(audit_log_id_seq, 16996834) already exists.

The above exception was the direct cause of the following exception:
E   sqlalchemy.exc.IntegrityError: (psycopg2.errors.UniqueViolation) duplicate key value violates unique constraint "pg_class_relname_nsp_index"
    DETAIL:  Key (relname, relnamespace)=(audit_log_id_seq, 16996834) already exists.
    
    [SQL: 
    CREATE TABLE audit_log (
    	id SERIAL NOT NULL, 
    	user_id UUID, 
    	action VARCHAR(100) NOT NULL, 
    	entity_type VARCHAR(50) NOT NULL, 
    	entity_id UUID, 
    	before_json JSON, 
    	after_json JSON, 
    	ip_address VARCHAR(45), 
    	user_agent VARCHAR(500), 
    	created_at TIMESTAMP WITH TIME ZONE DEFAULT now() NOT NULL, 
    	PRIMARY KEY (id)
    )
    
    ]
    (Background on this error at: https://sqlalche.me/e/20/gkpj)
_______ ERROR at setup of test_column_exists[tokens-project_owner_name] ________
[gw1] darwin -- Python 3.14.3 /usr/local/bin/python3
E   psycopg2.errors.UniqueViolation: duplicate key value violates unique constraint "pg_class_relname_nsp_index"
    DETAIL:  Key (relname, relnamespace)=(audit_log_id_seq, 16996834) already exists.

The above exception was the direct cause of the following exception:
E   sqlalchemy.exc.IntegrityError: (psycopg2.errors.UniqueViolation) duplicate key value violates unique constraint "pg_class_relname_nsp_index"
    DETAIL:  Key (relname, relnamespace)=(audit_log_id_seq, 16996834) already exists.
    
    [SQL: 
    CREATE TABLE audit_log (
    	id SERIAL NOT NULL, 
    	user_id UUID, 
    	action VARCHAR(100) NOT NULL, 
    	entity_type VARCHAR(50) NOT NULL, 
    	entity_id UUID, 
    	before_json JSON, 
    	after_json JSON, 
    	ip_address VARCHAR(45), 
    	user_agent VARCHAR(500), 
    	created_at TIMESTAMP WITH TIME ZONE DEFAULT now() NOT NULL, 
    	PRIMARY KEY (id)
    )
    
    ]
    (Background on this error at: https://sqlalche.me/e/20/gkpj)
______ ERROR at setup of test_financial_report_uses_real_costs_not_ratio _______
[gw5] darwin -- Python 3.14.3 /usr/local/bin/python3
E   psycopg2.errors.UniqueViolation: duplicate key value violates unique constraint "pg_type_typname_nsp_index"
    DETAIL:  Key (typname, typnamespace)=(audit_log, 16996834) already exists.

The above exception was the direct cause of the following exception:
E   sqlalchemy.exc.IntegrityError: (psycopg2.errors.UniqueViolation) duplicate key value violates unique constraint "pg_type_typname_nsp_index"
    DETAIL:  Key (typname, typnamespace)=(audit_log, 16996834) already exists.
    
    [SQL: 
    CREATE TABLE audit_log (
    	id SERIAL NOT NULL, 
    	user_id UUID, 
    	action VARCHAR(100) NOT NULL, 
    	entity_type VARCHAR(50) NOT NULL, 
    	entity_id UUID, 
    	before_json JSON, 
    	after_json JSON, 
    	ip_address VARCHAR(45), 
    	user_agent VARCHAR(500), 
    	created_at TIMESTAMP WITH TIME ZONE DEFAULT now() NOT NULL, 
    	PRIMARY KEY (id)
    )
    
    ]
    (Background on this error at: https://sqlalche.me/e/20/gkpj)
_ ERROR at setup of TestDocumentReferencesRoleEnforcement.test_create_reforge_pm_denied _
[gw13] darwin -- Python 3.14.3 /usr/local/bin/python3
E   psycopg2.errors.UniqueViolation: duplicate key value violates unique constraint "pg_class_relname_nsp_index"
    DETAIL:  Key (relname, relnamespace)=(audit_log_id_seq, 16996834) already exists.

The above exception was the direct cause of the following exception:
E   sqlalchemy.exc.IntegrityError: (psycopg2.errors.UniqueViolation) duplicate key value violates unique constraint "pg_class_relname_nsp_index"
    DETAIL:  Key (relname, relnamespace)=(audit_log_id_seq, 16996834) already exists.
    
    [SQL: 
    CREATE TABLE audit_log (
    	id SERIAL NOT NULL, 
    	user_id UUID, 
    	action VARCHAR(100) NOT NULL, 
    	entity_type VARCHAR(50) NOT NULL, 
    	entity_id UUID, 
    	before_json JSON, 
    	after_json JSON, 
    	ip_address VARCHAR(45), 
    	user_agent VARCHAR(500), 
    	created_at TIMESTAMP WITH TIME ZONE DEFAULT now() NOT NULL, 
    	PRIMARY KEY (id)
    )
    
    ]
    (Background on this error at: https://sqlalche.me/e/20/gkpj)
_ ERROR at setup of TestDocumentReferencesRoleEnforcement.test_create_default_type_pm_allowed _
[gw13] darwin -- Python 3.14.3 /usr/local/bin/python3
E   psycopg2.errors.UniqueViolation: duplicate key value violates unique constraint "pg_class_relname_nsp_index"
    DETAIL:  Key (relname, relnamespace)=(audit_log_id_seq, 16996834) already exists.

The above exception was the direct cause of the following exception:
E   sqlalchemy.exc.IntegrityError: (psycopg2.errors.UniqueViolation) duplicate key value violates unique constraint "pg_class_relname_nsp_index"
    DETAIL:  Key (relname, relnamespace)=(audit_log_id_seq, 16996834) already exists.
    
    [SQL: 
    CREATE TABLE audit_log (
    	id SERIAL NOT NULL, 
    	user_id UUID, 
    	action VARCHAR(100) NOT NULL, 
    	entity_type VARCHAR(50) NOT NULL, 
    	entity_id UUID, 
    	before_json JSON, 
    	after_json JSON, 
    	ip_address VARCHAR(45), 
    	user_agent VARCHAR(500), 
    	created_at TIMESTAMP WITH TIME ZONE DEFAULT now() NOT NULL, 
    	PRIMARY KEY (id)
    )
    
    ]
    (Background on this error at: https://sqlalche.me/e/20/gkpj)
______________ ERROR at setup of test_create_user_duplicate_email ______________
[gw3] darwin -- Python 3.14.3 /usr/local/bin/python3
E   psycopg2.errors.UniqueViolation: duplicate key value violates unique constraint "pg_class_relname_nsp_index"
    DETAIL:  Key (relname, relnamespace)=(audit_log_id_seq, 16996834) already exists.

The above exception was the direct cause of the following exception:
E   sqlalchemy.exc.IntegrityError: (psycopg2.errors.UniqueViolation) duplicate key value violates unique constraint "pg_class_relname_nsp_index"
    DETAIL:  Key (relname, relnamespace)=(audit_log_id_seq, 16996834) already exists.
    
    [SQL: 
    CREATE TABLE audit_log (
    	id SERIAL NOT NULL, 
    	user_id UUID, 
    	action VARCHAR(100) NOT NULL, 
    	entity_type VARCHAR(50) NOT NULL, 
    	entity_id UUID, 
    	before_json JSON, 
    	after_json JSON, 
    	ip_address VARCHAR(45), 
    	user_agent VARCHAR(500), 
    	created_at TIMESTAMP WITH TIME ZONE DEFAULT now() NOT NULL, 
    	PRIMARY KEY (id)
    )
    
    ]
    (Background on this error at: https://sqlalche.me/e/20/gkpj)
________ ERROR at setup of test_column_exists[inquiries-technical_lead] ________
[gw2] darwin -- Python 3.14.3 /usr/local/bin/python3
E   psycopg2.errors.UniqueViolation: duplicate key value violates unique constraint "pg_class_relname_nsp_index"
    DETAIL:  Key (relname, relnamespace)=(audit_log_id_seq, 16996834) already exists.

The above exception was the direct cause of the following exception:
E   sqlalchemy.exc.IntegrityError: (psycopg2.errors.UniqueViolation) duplicate key value violates unique constraint "pg_class_relname_nsp_index"
    DETAIL:  Key (relname, relnamespace)=(audit_log_id_seq, 16996834) already exists.
    
    [SQL: 
    CREATE TABLE audit_log (
    	id SERIAL NOT NULL, 
    	user_id UUID, 
    	action VARCHAR(100) NOT NULL, 
    	entity_type VARCHAR(50) NOT NULL, 
    	entity_id UUID, 
    	before_json JSON, 
    	after_json JSON, 
    	ip_address VARCHAR(45), 
    	user_agent VARCHAR(500), 
    	created_at TIMESTAMP WITH TIME ZONE DEFAULT now() NOT NULL, 
    	PRIMARY KEY (id)
    )
    
    ]
    (Background on this error at: https://sqlalche.me/e/20/gkpj)
_ ERROR at setup of TestInvoicesRoleEnforcement.test_update_invoice_status_viewer_denied _
[gw12] darwin -- Python 3.14.3 /usr/local/bin/python3
E   psycopg2.errors.UniqueViolation: duplicate key value violates unique constraint "pg_class_relname_nsp_index"
    DETAIL:  Key (relname, relnamespace)=(audit_log_id_seq, 16996834) already exists.

The above exception was the direct cause of the following exception:
E   sqlalchemy.exc.IntegrityError: (psycopg2.errors.UniqueViolation) duplicate key value violates unique constraint "pg_class_relname_nsp_index"
    DETAIL:  Key (relname, relnamespace)=(audit_log_id_seq, 16996834) already exists.
    
    [SQL: 
    CREATE TABLE audit_log (
    	id SERIAL NOT NULL, 
    	user_id UUID, 
    	action VARCHAR(100) NOT NULL, 
    	entity_type VARCHAR(50) NOT NULL, 
    	entity_id UUID, 
    	before_json JSON, 
    	after_json JSON, 
    	ip_address VARCHAR(45), 
    	user_agent VARCHAR(500), 
    	created_at TIMESTAMP WITH TIME ZONE DEFAULT now() NOT NULL, 
    	PRIMARY KEY (id)
    )
    
    ]
    (Background on this error at: https://sqlalche.me/e/20/gkpj)
_ ERROR at setup of TestInquiriesRoleEnforcement.test_create_inquiry_pm_allowed _
[gw12] darwin -- Python 3.14.3 /usr/local/bin/python3
E   psycopg2.errors.UniqueViolation: duplicate key value violates unique constraint "pg_class_relname_nsp_index"
    DETAIL:  Key (relname, relnamespace)=(audit_log_id_seq, 16996834) already exists.

The above exception was the direct cause of the following exception:
E   sqlalchemy.exc.IntegrityError: (psycopg2.errors.UniqueViolation) duplicate key value violates unique constraint "pg_class_relname_nsp_index"
    DETAIL:  Key (relname, relnamespace)=(audit_log_id_seq, 16996834) already exists.
    
    [SQL: 
    CREATE TABLE audit_log (
    	id SERIAL NOT NULL, 
    	user_id UUID, 
    	action VARCHAR(100) NOT NULL, 
    	entity_type VARCHAR(50) NOT NULL, 
    	entity_id UUID, 
    	before_json JSON, 
    	after_json JSON, 
    	ip_address VARCHAR(45), 
    	user_agent VARCHAR(500), 
    	created_at TIMESTAMP WITH TIME ZONE DEFAULT now() NOT NULL, 
    	PRIMARY KEY (id)
    )
    
    ]
    (Background on this error at: https://sqlalche.me/e/20/gkpj)
______________ ERROR at setup of test_viewer_cannot_create_client ______________
[gw10] darwin -- Python 3.14.3 /usr/local/bin/python3
E   psycopg2.errors.UniqueViolation: duplicate key value violates unique constraint "pg_type_typname_nsp_index"
    DETAIL:  Key (typname, typnamespace)=(audit_log, 16996834) already exists.

The above exception was the direct cause of the following exception:
E   sqlalchemy.exc.IntegrityError: (psycopg2.errors.UniqueViolation) duplicate key value violates unique constraint "pg_type_typname_nsp_index"
    DETAIL:  Key (typname, typnamespace)=(audit_log, 16996834) already exists.
    
    [SQL: 
    CREATE TABLE audit_log (
    	id SERIAL NOT NULL, 
    	user_id UUID, 
    	action VARCHAR(100) NOT NULL, 
    	entity_type VARCHAR(50) NOT NULL, 
    	entity_id UUID, 
    	before_json JSON, 
    	after_json JSON, 
    	ip_address VARCHAR(45), 
    	user_agent VARCHAR(500), 
    	created_at TIMESTAMP WITH TIME ZONE DEFAULT now() NOT NULL, 
    	PRIMARY KEY (id)
    )
    
    ]
    (Background on this error at: https://sqlalche.me/e/20/gkpj)
___________ ERROR at setup of test_create_client_excel_sheet_fields ____________
[gw10] darwin -- Python 3.14.3 /usr/local/bin/python3
E   psycopg2.errors.UniqueViolation: duplicate key value violates unique constraint "pg_type_typname_nsp_index"
    DETAIL:  Key (typname, typnamespace)=(audit_log, 16996834) already exists.

The above exception was the direct cause of the following exception:
E   sqlalchemy.exc.IntegrityError: (psycopg2.errors.UniqueViolation) duplicate key value violates unique constraint "pg_type_typname_nsp_index"
    DETAIL:  Key (typname, typnamespace)=(audit_log, 16996834) already exists.
    
    [SQL: 
    CREATE TABLE audit_log (
    	id SERIAL NOT NULL, 
    	user_id UUID, 
    	action VARCHAR(100) NOT NULL, 
    	entity_type VARCHAR(50) NOT NULL, 
    	entity_id UUID, 
    	before_json JSON, 
    	after_json JSON, 
    	ip_address VARCHAR(45), 
    	user_agent VARCHAR(500), 
    	created_at TIMESTAMP WITH TIME ZONE DEFAULT now() NOT NULL, 
    	PRIMARY KEY (id)
    )
    
    ]
    (Background on this error at: https://sqlalche.me/e/20/gkpj)
__________________ ERROR at setup of test_allowed_transitions __________________
[gw10] darwin -- Python 3.14.3 /usr/local/bin/python3
E   psycopg2.errors.UniqueViolation: duplicate key value violates unique constraint "pg_type_typname_nsp_index"
    DETAIL:  Key (typname, typnamespace)=(audit_log, 16996834) already exists.

The above exception was the direct cause of the following exception:
E   sqlalchemy.exc.IntegrityError: (psycopg2.errors.UniqueViolation) duplicate key value violates unique constraint "pg_type_typname_nsp_index"
    DETAIL:  Key (typname, typnamespace)=(audit_log, 16996834) already exists.
    
    [SQL: 
    CREATE TABLE audit_log (
    	id SERIAL NOT NULL, 
    	user_id UUID, 
    	action VARCHAR(100) NOT NULL, 
    	entity_type VARCHAR(50) NOT NULL, 
    	entity_id UUID, 
    	before_json JSON, 
    	after_json JSON, 
    	ip_address VARCHAR(45), 
    	user_agent VARCHAR(500), 
    	created_at TIMESTAMP WITH TIME ZONE DEFAULT now() NOT NULL, 
    	PRIMARY KEY (id)
    )
    
    ]
    (Background on this error at: https://sqlalche.me/e/20/gkpj)
_________ ERROR at setup of test_financial_report_zero_costs_when_none _________
[gw5] darwin -- Python 3.14.3 /usr/local/bin/python3
E   psycopg2.errors.UniqueViolation: duplicate key value violates unique constraint "pg_type_typname_nsp_index"
    DETAIL:  Key (typname, typnamespace)=(audit_log, 16996834) already exists.

The above exception was the direct cause of the following exception:
E   sqlalchemy.exc.IntegrityError: (psycopg2.errors.UniqueViolation) duplicate key value violates unique constraint "pg_type_typname_nsp_index"
    DETAIL:  Key (typname, typnamespace)=(audit_log, 16996834) already exists.
    
    [SQL: 
    CREATE TABLE audit_log (
    	id SERIAL NOT NULL, 
    	user_id UUID, 
    	action VARCHAR(100) NOT NULL, 
    	entity_type VARCHAR(50) NOT NULL, 
    	entity_id UUID, 
    	before_json JSON, 
    	after_json JSON, 
    	ip_address VARCHAR(45), 
    	user_agent VARCHAR(500), 
    	created_at TIMESTAMP WITH TIME ZONE DEFAULT now() NOT NULL, 
    	PRIMARY KEY (id)
    )
    
    ]
    (Background on this error at: https://sqlalche.me/e/20/gkpj)
___________________ ERROR at setup of test_core_tables_exist ___________________
[gw2] darwin -- Python 3.14.3 /usr/local/bin/python3
E   psycopg2.errors.UniqueViolation: duplicate key value violates unique constraint "pg_class_relname_nsp_index"
    DETAIL:  Key (relname, relnamespace)=(audit_log_id_seq, 16996834) already exists.

The above exception was the direct cause of the following exception:
E   sqlalchemy.exc.IntegrityError: (psycopg2.errors.UniqueViolation) duplicate key value violates unique constraint "pg_class_relname_nsp_index"
    DETAIL:  Key (relname, relnamespace)=(audit_log_id_seq, 16996834) already exists.
    
    [SQL: 
    CREATE TABLE audit_log (
    	id SERIAL NOT NULL, 
    	user_id UUID, 
    	action VARCHAR(100) NOT NULL, 
    	entity_type VARCHAR(50) NOT NULL, 
    	entity_id UUID, 
    	before_json JSON, 
    	after_json JSON, 
    	ip_address VARCHAR(45), 
    	user_agent VARCHAR(500), 
    	created_at TIMESTAMP WITH TIME ZONE DEFAULT now() NOT NULL, 
    	PRIMARY KEY (id)
    )
    
    ]
    (Background on this error at: https://sqlalche.me/e/20/gkpj)
_______________ ERROR at setup of test_scratch_db_has_all_tables _______________
[gw2] darwin -- Python 3.14.3 /usr/local/bin/python3
E   psycopg2.errors.UniqueViolation: duplicate key value violates unique constraint "pg_class_relname_nsp_index"
    DETAIL:  Key (relname, relnamespace)=(audit_log_id_seq, 16996834) already exists.

The above exception was the direct cause of the following exception:
E   sqlalchemy.exc.IntegrityError: (psycopg2.errors.UniqueViolation) duplicate key value violates unique constraint "pg_class_relname_nsp_index"
    DETAIL:  Key (relname, relnamespace)=(audit_log_id_seq, 16996834) already exists.
    
    [SQL: 
    CREATE TABLE audit_log (
    	id SERIAL NOT NULL, 
    	user_id UUID, 
    	action VARCHAR(100) NOT NULL, 
    	entity_type VARCHAR(50) NOT NULL, 
    	entity_id UUID, 
    	before_json JSON, 
    	after_json JSON, 
    	ip_address VARCHAR(45), 
    	user_agent VARCHAR(500), 
    	created_at TIMESTAMP WITH TIME ZONE DEFAULT now() NOT NULL, 
    	PRIMARY KEY (id)
    )
    
    ]
    (Background on this error at: https://sqlalche.me/e/20/gkpj)
______________ ERROR at setup of test_scratch_db_has_all_columns _______________
[gw2] darwin -- Python 3.14.3 /usr/local/bin/python3
E   psycopg2.errors.UniqueViolation: duplicate key value violates unique constraint "pg_class_relname_nsp_index"
    DETAIL:  Key (relname, relnamespace)=(audit_log_id_seq, 16996834) already exists.

The above exception was the direct cause of the following exception:
E   sqlalchemy.exc.IntegrityError: (psycopg2.errors.UniqueViolation) duplicate key value violates unique constraint "pg_class_relname_nsp_index"
    DETAIL:  Key (relname, relnamespace)=(audit_log_id_seq, 16996834) already exists.
    
    [SQL: 
    CREATE TABLE audit_log (
    	id SERIAL NOT NULL, 
    	user_id UUID, 
    	action VARCHAR(100) NOT NULL, 
    	entity_type VARCHAR(50) NOT NULL, 
    	entity_id UUID, 
    	before_json JSON, 
    	after_json JSON, 
    	ip_address VARCHAR(45), 
    	user_agent VARCHAR(500), 
    	created_at TIMESTAMP WITH TIME ZONE DEFAULT now() NOT NULL, 
    	PRIMARY KEY (id)
    )
    
    ]
    (Background on this error at: https://sqlalche.me/e/20/gkpj)
______________ ERROR at setup of test_scratch_db_core_chain_works ______________
[gw2] darwin -- Python 3.14.3 /usr/local/bin/python3
E   psycopg2.errors.UniqueViolation: duplicate key value violates unique constraint "pg_class_relname_nsp_index"
    DETAIL:  Key (relname, relnamespace)=(audit_log_id_seq, 16996834) already exists.

The above exception was the direct cause of the following exception:
E   sqlalchemy.exc.IntegrityError: (psycopg2.errors.UniqueViolation) duplicate key value violates unique constraint "pg_class_relname_nsp_index"
    DETAIL:  Key (relname, relnamespace)=(audit_log_id_seq, 16996834) already exists.
    
    [SQL: 
    CREATE TABLE audit_log (
    	id SERIAL NOT NULL, 
    	user_id UUID, 
    	action VARCHAR(100) NOT NULL, 
    	entity_type VARCHAR(50) NOT NULL, 
    	entity_id UUID, 
    	before_json JSON, 
    	after_json JSON, 
    	ip_address VARCHAR(45), 
    	user_agent VARCHAR(500), 
    	created_at TIMESTAMP WITH TIME ZONE DEFAULT now() NOT NULL, 
    	PRIMARY KEY (id)
    )
    
    ]
    (Background on this error at: https://sqlalche.me/e/20/gkpj)
_____________________ ERROR at setup of test_login_success _____________________
[gw2] darwin -- Python 3.14.3 /usr/local/bin/python3
E   psycopg2.errors.UniqueViolation: duplicate key value violates unique constraint "pg_class_relname_nsp_index"
    DETAIL:  Key (relname, relnamespace)=(audit_log_id_seq, 16996834) already exists.

The above exception was the direct cause of the following exception:
E   sqlalchemy.exc.IntegrityError: (psycopg2.errors.UniqueViolation) duplicate key value violates unique constraint "pg_class_relname_nsp_index"
    DETAIL:  Key (relname, relnamespace)=(audit_log_id_seq, 16996834) already exists.
    
    [SQL: 
    CREATE TABLE audit_log (
    	id SERIAL NOT NULL, 
    	user_id UUID, 
    	action VARCHAR(100) NOT NULL, 
    	entity_type VARCHAR(50) NOT NULL, 
    	entity_id UUID, 
    	before_json JSON, 
    	after_json JSON, 
    	ip_address VARCHAR(45), 
    	user_agent VARCHAR(500), 
    	created_at TIMESTAMP WITH TIME ZONE DEFAULT now() NOT NULL, 
    	PRIMARY KEY (id)
    )
    
    ]
    (Background on this error at: https://sqlalche.me/e/20/gkpj)
_________________ ERROR at setup of test_login_wrong_password __________________
[gw2] darwin -- Python 3.14.3 /usr/local/bin/python3
E   psycopg2.errors.UniqueViolation: duplicate key value violates unique constraint "pg_class_relname_nsp_index"
    DETAIL:  Key (relname, relnamespace)=(audit_log_id_seq, 16996834) already exists.

The above exception was the direct cause of the following exception:
E   sqlalchemy.exc.IntegrityError: (psycopg2.errors.UniqueViolation) duplicate key value violates unique constraint "pg_class_relname_nsp_index"
    DETAIL:  Key (relname, relnamespace)=(audit_log_id_seq, 16996834) already exists.
    
    [SQL: 
    CREATE TABLE audit_log (
    	id SERIAL NOT NULL, 
    	user_id UUID, 
    	action VARCHAR(100) NOT NULL, 
    	entity_type VARCHAR(50) NOT NULL, 
    	entity_id UUID, 
    	before_json JSON, 
    	after_json JSON, 
    	ip_address VARCHAR(45), 
    	user_agent VARCHAR(500), 
    	created_at TIMESTAMP WITH TIME ZONE DEFAULT now() NOT NULL, 
    	PRIMARY KEY (id)
    )
    
    ]
    (Background on this error at: https://sqlalche.me/e/20/gkpj)
__________________ ERROR at setup of test_login_unknown_email __________________
[gw2] darwin -- Python 3.14.3 /usr/local/bin/python3
E   psycopg2.errors.UniqueViolation: duplicate key value violates unique constraint "pg_class_relname_nsp_index"
    DETAIL:  Key (relname, relnamespace)=(audit_log_id_seq, 16996834) already exists.

The above exception was the direct cause of the following exception:
E   sqlalchemy.exc.IntegrityError: (psycopg2.errors.UniqueViolation) duplicate key value violates unique constraint "pg_class_relname_nsp_index"
    DETAIL:  Key (relname, relnamespace)=(audit_log_id_seq, 16996834) already exists.
    
    [SQL: 
    CREATE TABLE audit_log (
    	id SERIAL NOT NULL, 
    	user_id UUID, 
    	action VARCHAR(100) NOT NULL, 
    	entity_type VARCHAR(50) NOT NULL, 
    	entity_id UUID, 
    	before_json JSON, 
    	after_json JSON, 
    	ip_address VARCHAR(45), 
    	user_agent VARCHAR(500), 
    	created_at TIMESTAMP WITH TIME ZONE DEFAULT now() NOT NULL, 
    	PRIMARY KEY (id)
    )
    
    ]
    (Background on this error at: https://sqlalche.me/e/20/gkpj)
___________ ERROR at setup of test_dev_db_has_alembic_version_table ____________
[gw0] darwin -- Python 3.14.3 /usr/local/bin/python3
E   psycopg2.errors.UniqueViolation: duplicate key value violates unique constraint "pg_type_typname_nsp_index"
    DETAIL:  Key (typname, typnamespace)=(audit_log, 16996834) already exists.

The above exception was the direct cause of the following exception:
E   sqlalchemy.exc.IntegrityError: (psycopg2.errors.UniqueViolation) duplicate key value violates unique constraint "pg_type_typname_nsp_index"
    DETAIL:  Key (typname, typnamespace)=(audit_log, 16996834) already exists.
    
    [SQL: 
    CREATE TABLE audit_log (
    	id SERIAL NOT NULL, 
    	user_id UUID, 
    	action VARCHAR(100) NOT NULL, 
    	entity_type VARCHAR(50) NOT NULL, 
    	entity_id UUID, 
    	before_json JSON, 
    	after_json JSON, 
    	ip_address VARCHAR(45), 
    	user_agent VARCHAR(500), 
    	created_at TIMESTAMP WITH TIME ZONE DEFAULT now() NOT NULL, 
    	PRIMARY KEY (id)
    )
    
    ]
    (Background on this error at: https://sqlalche.me/e/20/gkpj)
______________________ ERROR at setup of test_pagination _______________________
[gw7] darwin -- Python 3.14.3 /usr/local/bin/python3
E   psycopg2.errors.UniqueViolation: duplicate key value violates unique constraint "pg_class_relname_nsp_index"
    DETAIL:  Key (relname, relnamespace)=(audit_log_id_seq, 16996834) already exists.

The above exception was the direct cause of the following exception:
E   sqlalchemy.exc.IntegrityError: (psycopg2.errors.UniqueViolation) duplicate key value violates unique constraint "pg_class_relname_nsp_index"
    DETAIL:  Key (relname, relnamespace)=(audit_log_id_seq, 16996834) already exists.
    
    [SQL: 
    CREATE TABLE audit_log (
    	id SERIAL NOT NULL, 
    	user_id UUID, 
    	action VARCHAR(100) NOT NULL, 
    	entity_type VARCHAR(50) NOT NULL, 
    	entity_id UUID, 
    	before_json JSON, 
    	after_json JSON, 
    	ip_address VARCHAR(45), 
    	user_agent VARCHAR(500), 
    	created_at TIMESTAMP WITH TIME ZONE DEFAULT now() NOT NULL, 
    	PRIMARY KEY (id)
    )
    
    ]
    (Background on this error at: https://sqlalche.me/e/20/gkpj)
_____________ ERROR at setup of test_create_sustainability_metric ______________
[gw7] darwin -- Python 3.14.3 /usr/local/bin/python3
E   psycopg2.errors.UniqueViolation: duplicate key value violates unique constraint "pg_class_relname_nsp_index"
    DETAIL:  Key (relname, relnamespace)=(audit_log_id_seq, 16996834) already exists.

The above exception was the direct cause of the following exception:
E   sqlalchemy.exc.IntegrityError: (psycopg2.errors.UniqueViolation) duplicate key value violates unique constraint "pg_class_relname_nsp_index"
    DETAIL:  Key (relname, relnamespace)=(audit_log_id_seq, 16996834) already exists.
    
    [SQL: 
    CREATE TABLE audit_log (
    	id SERIAL NOT NULL, 
    	user_id UUID, 
    	action VARCHAR(100) NOT NULL, 
    	entity_type VARCHAR(50) NOT NULL, 
    	entity_id UUID, 
    	before_json JSON, 
    	after_json JSON, 
    	ip_address VARCHAR(45), 
    	user_agent VARCHAR(500), 
    	created_at TIMESTAMP WITH TIME ZONE DEFAULT now() NOT NULL, 
    	PRIMARY KEY (id)
    )
    
    ]
    (Background on this error at: https://sqlalche.me/e/20/gkpj)
_____ ERROR at setup of test_list_sustainability_metrics_scoped_by_project _____
[gw7] darwin -- Python 3.14.3 /usr/local/bin/python3
E   psycopg2.errors.UniqueViolation: duplicate key value violates unique constraint "pg_class_relname_nsp_index"
    DETAIL:  Key (relname, relnamespace)=(audit_log_id_seq, 16996834) already exists.

The above exception was the direct cause of the following exception:
E   sqlalchemy.exc.IntegrityError: (psycopg2.errors.UniqueViolation) duplicate key value violates unique constraint "pg_class_relname_nsp_index"
    DETAIL:  Key (relname, relnamespace)=(audit_log_id_seq, 16996834) already exists.
    
    [SQL: 
    CREATE TABLE audit_log (
    	id SERIAL NOT NULL, 
    	user_id UUID, 
    	action VARCHAR(100) NOT NULL, 
    	entity_type VARCHAR(50) NOT NULL, 
    	entity_id UUID, 
    	before_json JSON, 
    	after_json JSON, 
    	ip_address VARCHAR(45), 
    	user_agent VARCHAR(500), 
    	created_at TIMESTAMP WITH TIME ZONE DEFAULT now() NOT NULL, 
    	PRIMARY KEY (id)
    )
    
    ]
    (Background on this error at: https://sqlalche.me/e/20/gkpj)
_____________ ERROR at setup of test_update_sustainability_metric ______________
[gw7] darwin -- Python 3.14.3 /usr/local/bin/python3
E   psycopg2.errors.UniqueViolation: duplicate key value violates unique constraint "pg_class_relname_nsp_index"
    DETAIL:  Key (relname, relnamespace)=(audit_log_id_seq, 16996834) already exists.

The above exception was the direct cause of the following exception:
E   sqlalchemy.exc.IntegrityError: (psycopg2.errors.UniqueViolation) duplicate key value violates unique constraint "pg_class_relname_nsp_index"
    DETAIL:  Key (relname, relnamespace)=(audit_log_id_seq, 16996834) already exists.
    
    [SQL: 
    CREATE TABLE audit_log (
    	id SERIAL NOT NULL, 
    	user_id UUID, 
    	action VARCHAR(100) NOT NULL, 
    	entity_type VARCHAR(50) NOT NULL, 
    	entity_id UUID, 
    	before_json JSON, 
    	after_json JSON, 
    	ip_address VARCHAR(45), 
    	user_agent VARCHAR(500), 
    	created_at TIMESTAMP WITH TIME ZONE DEFAULT now() NOT NULL, 
    	PRIMARY KEY (id)
    )
    
    ]
    (Background on this error at: https://sqlalche.me/e/20/gkpj)
_____________ ERROR at setup of test_delete_sustainability_metric ______________
[gw7] darwin -- Python 3.14.3 /usr/local/bin/python3
E   psycopg2.errors.UniqueViolation: duplicate key value violates unique constraint "pg_class_relname_nsp_index"
    DETAIL:  Key (relname, relnamespace)=(audit_log_id_seq, 16996834) already exists.

The above exception was the direct cause of the following exception:
E   sqlalchemy.exc.IntegrityError: (psycopg2.errors.UniqueViolation) duplicate key value violates unique constraint "pg_class_relname_nsp_index"
    DETAIL:  Key (relname, relnamespace)=(audit_log_id_seq, 16996834) already exists.
    
    [SQL: 
    CREATE TABLE audit_log (
    	id SERIAL NOT NULL, 
    	user_id UUID, 
    	action VARCHAR(100) NOT NULL, 
    	entity_type VARCHAR(50) NOT NULL, 
    	entity_id UUID, 
    	before_json JSON, 
    	after_json JSON, 
    	ip_address VARCHAR(45), 
    	user_agent VARCHAR(500), 
    	created_at TIMESTAMP WITH TIME ZONE DEFAULT now() NOT NULL, 
    	PRIMARY KEY (id)
    )
    
    ]
    (Background on this error at: https://sqlalche.me/e/20/gkpj)
________________ ERROR at setup of test_create_requires_pm_role ________________
[gw7] darwin -- Python 3.14.3 /usr/local/bin/python3
E   psycopg2.errors.UniqueViolation: duplicate key value violates unique constraint "pg_class_relname_nsp_index"
    DETAIL:  Key (relname, relnamespace)=(audit_log_id_seq, 16996834) already exists.

The above exception was the direct cause of the following exception:
E   sqlalchemy.exc.IntegrityError: (psycopg2.errors.UniqueViolation) duplicate key value violates unique constraint "pg_class_relname_nsp_index"
    DETAIL:  Key (relname, relnamespace)=(audit_log_id_seq, 16996834) already exists.
    
    [SQL: 
    CREATE TABLE audit_log (
    	id SERIAL NOT NULL, 
    	user_id UUID, 
    	action VARCHAR(100) NOT NULL, 
    	entity_type VARCHAR(50) NOT NULL, 
    	entity_id UUID, 
    	before_json JSON, 
    	after_json JSON, 
    	ip_address VARCHAR(45), 
    	user_agent VARCHAR(500), 
    	created_at TIMESTAMP WITH TIME ZONE DEFAULT now() NOT NULL, 
    	PRIMARY KEY (id)
    )
    
    ]
    (Background on this error at: https://sqlalche.me/e/20/gkpj)
_ ERROR at setup of TestInquiriesRoleEnforcement.test_create_inquiry_designer_allowed _
[gw12] darwin -- Python 3.14.3 /usr/local/bin/python3
E   psycopg2.errors.UniqueViolation: duplicate key value violates unique constraint "pg_class_relname_nsp_index"
    DETAIL:  Key (relname, relnamespace)=(audit_log_id_seq, 16996834) already exists.

The above exception was the direct cause of the following exception:
E   sqlalchemy.exc.IntegrityError: (psycopg2.errors.UniqueViolation) duplicate key value violates unique constraint "pg_class_relname_nsp_index"
    DETAIL:  Key (relname, relnamespace)=(audit_log_id_seq, 16996834) already exists.
    
    [SQL: 
    CREATE TABLE audit_log (
    	id SERIAL NOT NULL, 
    	user_id UUID, 
    	action VARCHAR(100) NOT NULL, 
    	entity_type VARCHAR(50) NOT NULL, 
    	entity_id UUID, 
    	before_json JSON, 
    	after_json JSON, 
    	ip_address VARCHAR(45), 
    	user_agent VARCHAR(500), 
    	created_at TIMESTAMP WITH TIME ZONE DEFAULT now() NOT NULL, 
    	PRIMARY KEY (id)
    )
    
    ]
    (Background on this error at: https://sqlalche.me/e/20/gkpj)
_ ERROR at setup of TestInquiriesRoleEnforcement.test_create_inquiry_viewer_denied _
[gw12] darwin -- Python 3.14.3 /usr/local/bin/python3
E   psycopg2.errors.UniqueViolation: duplicate key value violates unique constraint "pg_class_relname_nsp_index"
    DETAIL:  Key (relname, relnamespace)=(audit_log_id_seq, 16996834) already exists.

The above exception was the direct cause of the following exception:
E   sqlalchemy.exc.IntegrityError: (psycopg2.errors.UniqueViolation) duplicate key value violates unique constraint "pg_class_relname_nsp_index"
    DETAIL:  Key (relname, relnamespace)=(audit_log_id_seq, 16996834) already exists.
    
    [SQL: 
    CREATE TABLE audit_log (
    	id SERIAL NOT NULL, 
    	user_id UUID, 
    	action VARCHAR(100) NOT NULL, 
    	entity_type VARCHAR(50) NOT NULL, 
    	entity_id UUID, 
    	before_json JSON, 
    	after_json JSON, 
    	ip_address VARCHAR(45), 
[...]
ERROR tests/wave-5/test_vendors.py::test_create_vendor_duplicate_code - sqlal...
ERROR tests/wave-5/test_materials.py::test_get_material - sqlalchemy.exc.Inte...
ERROR tests/wave-6/test_compliance.py::TestCreateProjectComplianceItem::test_duplicate_returns_409
ERROR tests/wave-6/test_compliance.py::TestUpdateComplianceStatus::test_update_to_compliant
ERROR tests/wave-6/test_compliance.py::TestUpdateComplianceStatus::test_duplicate_returns_409
ERROR tests/wave-6/test_compliance.py::TestReviewComplianceItem::test_review_sets_reviewed_by
ERROR tests/wave-6/test_compliance.py::TestComplianceSummary::test_summary_returns_counts
ERROR tests/wave-6/test_compliance.py::TestComplianceSummary::test_duplicate_returns_409
ERROR tests/wave-6/test_compliance.py::TestDuplicateComplianceItem::test_duplicate_returns_409
ERROR tests/wave-6/test_document_management.py::TestUpdateDocumentMetadata::test_update_document_name
ERROR tests/wave-50/test_metrics_auth.py::test_metrics_open_when_flag_false
ERROR tests/wave-50/test_metrics_auth.py::test_metrics_auth_restored_after_flag_reset
ERROR tests/wave-5/test_vendors.py::test_update_vendor - sqlalchemy.exc.Integ...
ERROR tests/wave-5/test_vendors.py::test_update_vendor_not_found - sqlalchemy...
ERROR tests/wave-5/test_vendors.py::test_delete_vendor - sqlalchemy.exc.Integ...
ERROR tests/wave-6/test_document_management.py::TestRenameDocument::test_rename_document
ERROR tests/wave-6/test_document_management.py::TestRenameDocument::test_rename_nonexistent
ERROR tests/wave-6/test_document_management.py::TestMoveDocuments::test_move_documents
ERROR tests/wave-6/test_compliance.py::TestCreateProjectComplianceItem::test_create_item_pending_status
ERROR tests/wave-6/test_document_upload.py::TestUploadDocument::test_soft_delete_document
ERROR tests/wave-6/test_document_upload.py::TestUploadDocument::test_get_nonexistent_document
ERROR tests/wave-6/test_document_upload.py::TestCreateFolder::test_create_folder
ERROR tests/wave-6/test_document_upload.py::TestCreateFolder::test_list_folders
ERROR tests/wave-5/test_materials.py::test_create_category_with_parent - sqla...
ERROR tests/wave-5/test_vendors.py::test_add_contact - sqlalchemy.exc.Integri...
ERROR tests/wave-5/test_vendors.py::test_add_contact_vendor_not_found - sqlal...
ERROR tests/wave-5/test_vendors.py::test_list_contacts - sqlalchemy.exc.Integ...
ERROR tests/wave-5/test_vendors.py::test_update_contact - sqlalchemy.exc.Inte...
ERROR tests/wave-50/test_job_ownership.py::test_unknown_job_id_still_returns_pending
ERROR tests/wave-5/test_vendors.py::test_viewer_cannot_delete_vendor - sqlalc...
ERROR tests/wave-6/test_document_management.py::TestVersionHistory::test_version_history
ERROR tests/wave-6/test_document_upload.py::TestCreateFolder::test_delete_folder_soft_deletes_documents
ERROR tests/wave-6/test_document_upload.py::TestViewerCannotWriteDocuments::test_viewer_cannot_upload_document
ERROR tests/wave-33/test_notification_service.py::test_task_commented_skips_none_users
ERROR tests/wave-6/test_document_upload.py::TestViewerCannotWriteDocuments::test_viewer_cannot_delete_document
ERROR tests/wave-6/test_document_upload.py::TestViewerCannotWriteDocuments::test_viewer_cannot_rename_document
ERROR tests/wave-6/test_compliance.py::TestReviewComplianceItem::test_duplicate_returns_409
ERROR tests/wave-7/test_invoicing.py::test_generate_from_time_entries - sqlal...
ERROR tests/wave-6/test_document_management.py::TestFolderRename::test_folder_rename
ERROR tests/wave-7/test_project_pnl.py::test_pnl_with_manual_costs - sqlalche...
ERROR tests/wave-7/test_project_pnl.py::test_pnl_revenue_from_invoices - sqla...
ERROR tests/wave-6/test_compliance.py::TestInitializeCompliance::test_initialize_creates_four_standards
ERROR tests/wave-7/test_invoicing.py::test_send_invoice_writes_audit_log - sq...
ERROR tests/wave-6/test_document_upload.py::TestUploadDocument::test_upload_document
ERROR tests/wave-6/test_document_upload.py::TestFolderWriteProjectScoping::test_assigned_pm_can_rename_folder
ERROR tests/wave-5/test_vendors.py::test_delete_contact - sqlalchemy.exc.Inte...
ERROR tests/wave-50/test_job_ownership.py::test_owner_reads_own_job_status - ...
ERROR tests/wave-6/test_document_upload.py::TestViewerCannotWriteDocuments::test_viewer_cannot_rename_folder
ERROR tests/wave-6/test_document_upload.py::TestViewerCannotWriteDocuments::test_viewer_cannot_delete_folder
ERROR tests/wave-6/test_document_upload.py::TestFolderWriteProjectScoping::test_unassigned_pm_cannot_delete_folder
ERROR tests/wave-6/test_document_upload.py::TestCreateFolder::test_delete_folder
ERROR tests/wave-6/test_compliance.py::TestCreateProjectComplianceItem::test_create_item_missing_checklist_item
ERROR tests/wave-7/test_project_pnl.py::test_add_manual_cost - sqlalchemy.exc...
ERROR tests/wave-7/test_project_pnl.py::test_delete_cost - sqlalchemy.exc.Int...
ERROR tests/wave-7/test_invoicing.py::test_generate_from_empty_entries - sqla...
ERROR tests/wave-7/test_invoicing.py::test_generate_excludes_nonbillable_and_marks_billed
ERROR tests/wave-7/test_project_pnl.py::test_pnl_excludes_unpaid_invoices - s...
ERROR tests/wave-6/test_document_upload.py::TestViewerCannotWriteDocuments::test_viewer_cannot_move_documents
ERROR tests/wave-7/test_time_tracking.py::test_create_entry_invalid_hours - s...
ERROR tests/wave-7/test_time_tracking.py::test_create_entry_hours_exceed_24
ERROR tests/wave-6/test_document_upload.py::TestFolderWriteProjectScoping::test_admin_can_delete_folder_in_unassigned_project
ERROR tests/wave-7/test_invoicing.py::test_create_invoice_with_items - sqlalc...
ERROR tests/wave-7/test_invoicing.py::test_mark_invoice_paid_writes_audit_log
ERROR tests/wave-7/test_invoicing.py::test_cannot_delete_non_draft - sqlalche...
ERROR tests/wave-7/test_project_pnl.py::test_pnl_non_billable_excluded - sqla...
ERROR tests/wave-7/test_time_tracking.py::test_create_time_entry - sqlalchemy...
ERROR tests/wave-6/test_document_management.py::TestUpdateDocumentMetadata::test_update_document_tags
ERROR tests/wave-7/test_invoicing.py::test_draft_deletion_releases_entries - ...
ERROR tests/wave-7/test_invoicing.py::test_generate_rolls_back_flags_on_failure
ERROR tests/wave-7/test_invoicing.py::test_send_invoice - sqlalchemy.exc.Inte...
ERROR tests/wave-6/test_document_upload.py::TestViewerCannotWriteDocuments::test_viewer_cannot_reupload_document
ERROR tests/wave-7/test_time_tracking.py::test_update_time_entry - sqlalchemy...
ERROR tests/wave-7/test_time_tracking.py::test_delete_time_entry - sqlalchemy...
ERROR tests/wave-5/test_vendors.py::test_delete_vendor_not_found - sqlalchemy...
ERROR tests/wave-7/test_invoicing.py::test_list_invoices_by_project - sqlalch...
ERROR tests/wave-7/test_invoicing.py::test_soft_delete_invoice - sqlalchemy.e...
ERROR tests/wave-7/test_project_pnl.py::test_pnl_empty_project - sqlalchemy.e...
ERROR tests/wave-7/test_invoicing.py::test_repeat_generation_rejected - sqlal...
ERROR tests/wave-7/test_project_pnl.py::test_margin_calculation - sqlalchemy....
ERROR tests/wave-6/test_document_upload.py::TestFolderWriteProjectScoping::test_unassigned_pm_cannot_rename_folder
ERROR tests/wave-7/test_time_tracking.py::test_list_time_entries_by_project
ERROR tests/wave-7/test_invoicing.py::test_cannot_mark_paid_again - sqlalchem...
ERROR tests/wave-7/test_time_tracking.py::test_viewer_cannot_update_time_entry
ERROR tests/wave-7/test_time_tracking.py::test_viewer_cannot_delete_time_entry
ERROR tests/wave-7/test_time_tracking.py::test_create_time_entry_excel_fields
ERROR tests/wave-6/test_document_upload.py::TestViewerCannotWriteDocuments::test_viewer_cannot_create_folder
ERROR tests/wave-7/test_timesheet_workflow.py::test_approve_submitted_timesheet
ERROR tests/wave-7/test_timesheet_workflow.py::test_reject_submitted_timesheet
ERROR tests/wave-7/test_invoicing.py::test_invoice_number_auto_generate - sql...
ERROR tests/wave-8/test_exports.py::test_project_summary_pdf - sqlalchemy.exc...
ERROR tests/wave-7/test_time_tracking.py::test_cannot_edit_entry_in_approved_week
ERROR tests/wave-7/test_time_tracking.py::test_non_owner_cannot_update_entry
ERROR tests/wave-7/test_time_tracking.py::test_submit_timesheet - sqlalchemy....
ERROR tests/wave-7/test_time_tracking.py::test_approve_timesheet - sqlalchemy...
ERROR tests/wave-7/test_invoicing.py::test_mark_invoice_paid - sqlalchemy.exc...
ERROR tests/wave-8/test_reports_api.py::test_project_health_200 - sqlalchemy....
ERROR tests/wave-7/test_timesheet_workflow.py::test_audit_log_on_submit - sql...
ERROR tests/wave-7/test_timesheet_workflow.py::test_audit_log_on_approve - sq...
ERROR tests/wave-7/test_project_pnl.py::test_pnl_with_time_costs - sqlalchemy...
ERROR tests/wave-8/test_reports_api.py::test_unauthorized_401 - sqlalchemy.ex...
ERROR tests/wave-7/test_timesheet_workflow.py::test_generate_timesheet_from_entries
ERROR tests/wave-7/test_time_tracking.py::test_generate_timesheet - sqlalchem...
ERROR tests/wave-8/test_reports_api.py::test_client_summary_200 - sqlalchemy....
ERROR tests/wave-6/test_document_upload.py::TestViewerCannotWriteDocuments::test_viewer_cannot_update_document
ERROR tests/wave-8/test_reports_api.py::test_utilization_date_range - sqlalch...
ERROR tests/wave-7/test_time_tracking.py::test_viewer_cannot_create_time_entry
ERROR tests/wave-8/test_exports.py::test_project_slides_pdf - sqlalchemy.exc....
ERROR tests/wave-8/test_exports.py::test_financial_report_pdf - sqlalchemy.ex...
ERROR tests/wave-8/test_reports_service.py::TestUtilization::test_calculation
ERROR tests/wave-7/test_project_pnl.py::test_cost_breakdown_by_category - sql...
ERROR tests/wave-7/test_timesheet_workflow.py::test_generate_empty_week - sql...
ERROR tests/wave-7/test_timesheet_workflow.py::test_submit_draft_timesheet - ...
ERROR tests/wave-8/test_reports_service.py::TestProjectHealth::test_counts_by_status
ERROR tests/wave-7/test_time_tracking.py::test_reject_timesheet - sqlalchemy....
ERROR tests/wave-8/test_exports.py::test_unauthorized_401 - sqlalchemy.exc.In...
ERROR tests/wave-8/test_reports_service.py::TestRevenue::test_monthly_aggregation
ERROR tests/wave-8/test_reports_api.py::test_utilization_200 - sqlalchemy.exc...
ERROR tests/wave-8/test_reports_service.py::TestExportJson::test_returns_serializable_dict
ERROR tests/wave-7/test_timesheet_workflow.py::test_cannot_create_entry_in_approved_week
ERROR tests/wave-8/test_reports_service.py::TestProjectHealth::test_budget_variance
ERROR tests/wave-7/test_timesheet_workflow.py::test_audit_log_on_reject - sql...
ERROR tests/wave-8/test_reports_service.py::TestClientSummary::test_groups_revenue
ERROR tests/wave-8/test_reports_api.py::test_executive_kpis_200 - sqlalchemy....
ERROR tests/wave-8/test_exports.py::test_demo_package_json - sqlalchemy.exc.I...
ERROR tests/wave-8/test_reports_api.py::test_revenue_200 - sqlalchemy.exc.Int...
ERROR tests/wave-8/test_reports_api.py::test_invalid_date_range_422 - sqlalch...
ERROR tests/wave-8/test_reports_service.py::TestProjectHealth::test_empty_database
ERROR tests/wave-8/test_reports_service.py::TestUtilization::test_empty_period
ERROR tests/wave-8/test_reports_service.py::TestRevenue::test_empty_database
ERROR tests/wave-9/test_agreements.py::TestServiceNameFreeText::test_accepts_unknown_service_name
ERROR tests/wave-8/test_exports.py::test_nonexistent_project_404 - sqlalchemy...
ERROR tests/wave-7/test_timesheet_workflow.py::test_submit_non_draft_returns_422
ERROR tests/wave-8/test_reports_service.py::TestExecutiveKPIs::test_empty_database
ERROR tests/wave-9/test_agreements.py::TestAgreementCrud::test_create_assigns_reference_id
ERROR tests/wave-8/test_reports_service.py::TestClientSummary::test_empty_database
ERROR tests/wave-8/test_reports_service.py::TestProjectHealth::test_overdue_tasks
ERROR tests/wave-9/test_agreements.py::TestAgreementCrud::test_get_by_id_returns_none_when_missing
ERROR tests/wave-9/test_agreements.py::TestAgreementCrud::test_total_tokens_can_be_null
ERROR tests/wave-9/test_agreements.py::TestAgreementCrud::test_list_filters_by_client
ERROR tests/wave-9/test_agreements.py::TestAgreementDateValidation::test_end_before_start_rejected_at_schema
ERROR tests/wave-9/test_agreements.py::TestAgreementDateValidation::test_update_validates_end_after_start
ERROR tests/wave-9/test_agreements.py::TestAgreementCrud::test_soft_delete - ...
ERROR tests/wave-9/test_agreements.py::TestServiceNameFreeText::test_accepts_long_arbitrary_service_name
ERROR tests/wave-9/test_document_references.py::TestDocumentReferenceModel::test_create_assigns_reference_id_via_service
ERROR tests/wave-9/test_agreements.py::TestAgreementApi::test_create_agreement_endpoint
ERROR tests/wave-9/test_agreements.py::TestAgreementApi::test_end_before_start_returns_422
ERROR tests/wave-9/test_agreements.py::TestAgreementApi::test_list_agreements_endpoint
ERROR tests/wave-9/test_agreements.py::TestAgreementDateValidation::test_end_equal_to_start_accepted
ERROR tests/wave-9/test_agreements.py::TestAgreementAuditLog::test_create_agreement_writes_audit_entry
ERROR tests/wave-9/test_document_references.py::TestDocumentReferenceCrud::test_get_by_id_returns_none_when_missing
ERROR tests/wave-9/test_document_references.py::TestDocumentReferenceModel::test_token_id_is_optional
ERROR tests/wave-9/test_document_references.py::TestDocumentReferenceCrud::test_soft_delete
ERROR tests/wave-9/test_document_references.py::TestDocumentReferenceModel::test_token_id_must_exist_when_provided
ERROR tests/wave-9/test_agreements.py::TestAgreementApi::test_viewer_cannot_create_agreement
ERROR tests/wave-9/test_document_references.py::TestDocumentReferenceNumbering::test_two_dbr_sequential
ERROR tests/wave-9/test_document_references.py::TestDocumentReferenceNumbering::test_dbr_then_kdr_share_counter
ERROR tests/wave-9/test_document_references.py::TestDocumentReferenceSchema::test_type_alias_roundtrip
ERROR tests/wave-9/test_document_references.py::TestDocumentReferenceModel::test_token_id_can_be_set
ERROR tests/wave-9/test_document_references.py::TestDocumentReferenceCrud::test_list_filters_by_project
ERROR tests/wave-9/test_document_references.py::TestDocumentReferenceNumbering::test_other_doc_type_uses_independent_counter
ERROR tests/wave-9/test_document_references.py::TestDocumentReferenceUpdate::test_update_changes_status_and_revision
ERROR tests/wave-9/test_document_references.py::TestDocumentReferenceCrud::test_list_filters_by_document_type
ERROR tests/wave-9/test_document_references.py::TestDocumentReferenceApi::test_create_endpoint_with_only_project
ERROR tests/wave-9/test_document_references.py::TestDocumentReferenceModel::test_project_id_must_exist
ERROR tests/wave-9/test_document_references.py::TestDocumentReferenceApi::test_create_endpoint_dbr_kdr_sequential
ERROR tests/wave-9/test_document_references.py::TestDocumentReferenceCrud::test_list_filters_by_token
ERROR tests/wave-9/test_document_references.py::TestDocumentReferenceSchema::test_document_type_required
ERROR tests/wave-9/test_document_references.py::TestDocumentReferenceUpdate::test_update_missing_returns_none
ERROR tests/wave-9/test_document_references.py::TestDocumentReferenceApi::test_list_endpoint
ERROR tests/wave-9/test_inquiries.py::TestConvertInquiryNewClient::test_no_existing_client_creates_client_and_project
ERROR tests/wave-9/test_inquiries.py::TestInquiryCrud::test_list_filters_by_status
ERROR tests/wave-9/test_inquiries.py::TestInquiryCrud::test_create_two_inquiries_increment_seq
ERROR tests/wave-9/test_inquiries.py::TestInquiryCrud::test_create_assigns_reference_id
ERROR tests/wave-9/test_document_references.py::TestDocumentReferenceApi::test_create_endpoint_missing_project_returns_404
ERROR tests/wave-9/test_inquiries.py::TestInquiryCrud::test_get_by_id_returns_none_when_missing
ERROR tests/wave-9/test_inquiries.py::TestConvertInquiryExistingClient::test_existing_client_does_not_create_duplicate
ERROR tests/wave-9/test_inquiries.py::TestConvertInquiryExistingClient::test_can_pass_client_id_to_pin_specific_client
ERROR tests/wave-9/test_inquiries.py::TestInquiryCrud::test_soft_delete_marks_deleted_at
ERROR tests/wave-9/test_inquiries.py::TestConvertInquiryAmbiguity::test_two_clients_same_name_returns_ambiguous
ERROR tests/wave-9/test_document_references.py::TestDocumentReferenceApi::test_counters_endpoint_shows_dbr_kdr_shared_preview
ERROR tests/wave-9/test_inquiries.py::TestConvertAuditLog::test_convert_writes_audit_entry
ERROR tests/wave-9/test_inquiries.py::TestConvertInquiryNewClient::test_client_code_uses_reference_id_format
ERROR tests/wave-9/test_document_references.py::TestDocumentReferenceApi::test_viewer_cannot_create
ERROR tests/wave-9/test_inquiries.py::TestInquiryApi::test_list_inquiries_endpoint
ERROR tests/wave-9/test_inquiries.py::TestConvertInquiryRejections::test_missing_inquiry_returns_404
ERROR tests/wave-9/test_inquiries.py::TestInquiryApi::test_convert_endpoint_new_client
ERROR tests/wave-9/test_inquiries.py::TestConvertInquiryRejections::test_double_convert_returns_409
ERROR tests/wave-9/test_reference_id_service.py::TestBasicGeneration::test_first_id_for_new_type_is_seq_001
ERROR tests/wave-9/test_inquiries.py::TestInquiryApi::test_create_inquiry_endpoint
ERROR tests/wave-9/test_inquiries.py::TestInquiryApi::test_convert_endpoint_ambiguous_returns_300
ERROR tests/wave-9/test_reference_id_service.py::TestBasicGeneration::test_get_current_seq_starts_at_zero
ERROR tests/wave-9/test_reference_id_service.py::TestConcurrency::test_50_parallel_calls_yield_gapless_sequential_ids
ERROR tests/wave-9/test_reference_id_service.py::TestYearKeying::test_year_is_part_of_format
ERROR tests/wave-9/test_reference_id_service.py::TestBasicGeneration::test_increments_monotonically
ERROR tests/wave-9/test_reference_id_service.py::TestIsolationBetweenEntityTypes::test_counter_never_collides_across_types
ERROR tests/wave-9/test_reference_id_service.py::TestYearKeying::test_counter_is_per_year
ERROR tests/wave-9/test_reference_id_service.py::TestIsolationBetweenEntityTypes::test_two_types_have_independent_counters
ERROR tests/wave-9/test_inquiries.py::TestInquiryApi::test_viewer_cannot_create_inquiry
ERROR tests/wave-9/test_tokens.py::TestTokenReferenceIdGeneration::test_tokens_used_defaults_to_one
ERROR tests/wave-9/test_reference_id_service.py::TestBasicGeneration::test_format_matches_swa_year_type_seq
ERROR tests/wave-9/test_tokens.py::TestTokenReferenceIdGeneration::test_create_stores_excel_employee_names
ERROR tests/wave-9/test_tokens.py::TestTokenCrud::test_get_by_id_returns_none_when_missing
ERROR tests/wave-9/test_tokens.py::TestTokenApi::test_create_token_endpoint
ERROR tests/wave-9/test_tokens.py::TestTokenCrud::test_soft_delete - sqlalche...
ERROR tests/wave-9/test_tokens.py::TestTokenConcurrency::test_parallel_creates_produce_gapless_sequential_ids
ERROR tests/wave-9/test_reference_id_service.py::TestBasicGeneration::test_get_current_seq_reflects_increments
ERROR tests/wave-9/test_tokens.py::TestTokenApi::test_viewer_cannot_create_token
ERROR tests/wave-9/test_tokens.py::TestTokenCrud::test_list_filters_by_status
ERROR tests/wave-9/test_tokens.py::TestTokenCrud::test_list_filters_by_agreement
ERROR tests/wave-9/test_tokens.py::TestTokenReferenceIdGeneration::test_create_assigns_reference_id
ERROR tests/wave-9/test_tokens.py::TestTokenApi::test_list_includes_agreement_reference_id
ERROR tests/wave-9/test_tokens.py::TestTokenUpdate::test_update_missing_returns_none
ERROR tests/wave-9/test_tokens.py::TestTokenReferenceIdGeneration::test_tokens_used_uses_supplied_value
ERROR tests/wave-9/test_tokens.py::TestTokenReferenceIdGeneration::test_two_tokens_increment_seq
ERROR tests/wave-9/test_tokens.py::TestTokenUpdate::test_tokens_used_rejects_zero
ERROR tests/wave-9/test_tokens.py::TestTokenUpdate::test_update_changes_status
ERROR tests/wave-9/test_tokens.py::TestTokenApi::test_list_tokens_endpoint - ...
======= 3 failed, 20 passed, 61 warnings, 621 errors in 82.43s (0:01:22) =======
